2025-09-15 23:21:47,117 - INFO - current path: D:\Program\STM32\F429\OS
2025-09-15 23:21:47,118 - INFO - Skipping modified file: Gui/generated/setup_scr_screen.c
2025-09-15 23:21:47,118 - INFO - Skipping modified file: Gui/generated/setup_scr_screen_file.c
2025-09-15 23:21:47,118 - INFO - Skipping modified file: Gui/generated/setup_scr_screen_paint.c
2025-09-15 23:21:47,119 - INFO - Skipping modified file: Gui/generated/setup_scr_screen_serial.c
2025-09-15 23:21:47,119 - INFO - Skipping modified file: Gui/generated/gui_guider.c
2025-09-15 23:21:47,120 - WARNING - Pattern '/\*\* Enable the Alarm A\s*\n\s*\*/' not found in Core\Src\rtc.c
2025-09-15 23:21:47,120 - INFO - Skipping modified file: Core\Src\main.c
2025-09-15 23:21:47,120 - WARNING - Pattern 'SDQueueID = osMessageQueueNew\(QUEUE_SIZE, 2, NULL\);' not found in FATFS\Target\sd_diskio.c
2025-09-15 23:21:47,121 - WARNING - Pattern 'status = osMessageQueueGet\(SDQueueID, \(void \*\)&event, NULL, SD_TIMEOUT\);' not found in FATFS\Target\sd_diskio.c
2025-09-15 23:21:47,121 - INFO - Processing completed
2025-09-15 23:24:32,859 - INFO - current path: D:\Program\STM32\F429\OS
2025-09-15 23:24:32,861 - INFO - Skipping modified file: Gui/generated/setup_scr_screen.c
2025-09-15 23:24:32,861 - INFO - Skipping modified file: Gui/generated/setup_scr_screen_file.c
2025-09-15 23:24:32,861 - INFO - Skipping modified file: Gui/generated/setup_scr_screen_paint.c
2025-09-15 23:24:32,862 - INFO - Skipping modified file: Gui/generated/setup_scr_screen_serial.c
2025-09-15 23:24:32,862 - INFO - Skipping modified file: Gui/generated/gui_guider.c
2025-09-15 23:24:32,863 - WARNING - Pattern '/\*\* Enable the Alarm A\s*\n\s*\*/' not found in Core\Src\rtc.c
2025-09-15 23:24:32,863 - INFO - Skipping modified file: Core\Src\main.c
2025-09-15 23:24:32,863 - WARNING - Pattern 'SDQueueID = osMessageQueueNew\(QUEUE_SIZE, 2, NULL\);' not found in FATFS\Target\sd_diskio.c
2025-09-15 23:24:32,863 - WARNING - Pattern 'status = osMessageQueueGet\(SDQueueID, \(void \*\)&event, NULL, SD_TIMEOUT\);' not found in FATFS\Target\sd_diskio.c
2025-09-15 23:24:32,864 - INFO - Processing completed
2025-09-15 23:25:16,813 - INFO - current path: D:\Program\STM32\F429\OS
2025-09-15 23:25:16,814 - INFO - Skipping modified file: Gui/generated/setup_scr_screen.c
2025-09-15 23:25:16,815 - INFO - Skipping modified file: Gui/generated/setup_scr_screen_file.c
2025-09-15 23:25:16,815 - INFO - Skipping modified file: Gui/generated/setup_scr_screen_paint.c
2025-09-15 23:25:16,815 - INFO - Skipping modified file: Gui/generated/setup_scr_screen_serial.c
2025-09-15 23:25:16,816 - INFO - Skipping modified file: Gui/generated/gui_guider.c
2025-09-15 23:25:16,816 - WARNING - Pattern '/\*\* Enable the Alarm A\s*\n\s*\*/' not found in Core\Src\rtc.c
2025-09-15 23:25:16,816 - INFO - Skipping modified file: Core\Src\main.c
2025-09-15 23:25:16,817 - WARNING - Pattern 'SDQueueID = osMessageQueueNew\(QUEUE_SIZE, 2, NULL\);' not found in FATFS\Target\sd_diskio.c
2025-09-15 23:25:16,817 - WARNING - Pattern 'status = osMessageQueueGet\(SDQueueID, \(void \*\)&event, NULL, SD_TIMEOUT\);' not found in FATFS\Target\sd_diskio.c
2025-09-15 23:25:16,817 - INFO - Processing completed
2025-09-15 23:25:55,715 - INFO - current path: D:\Program\STM32\F429\OS
2025-09-15 23:25:55,716 - INFO - Skipping modified file: Gui/generated/setup_scr_screen.c
2025-09-15 23:25:55,716 - INFO - Skipping modified file: Gui/generated/setup_scr_screen_file.c
2025-09-15 23:25:55,716 - INFO - Skipping modified file: Gui/generated/setup_scr_screen_paint.c
2025-09-15 23:25:55,717 - INFO - Skipping modified file: Gui/generated/setup_scr_screen_serial.c
2025-09-15 23:25:55,717 - INFO - Skipping modified file: Gui/generated/gui_guider.c
2025-09-15 23:25:55,717 - WARNING - Pattern '/\*\* Enable the Alarm A\s*\n\s*\*/' not found in Core\Src\rtc.c
2025-09-15 23:25:55,718 - INFO - Skipping modified file: Core\Src\main.c
2025-09-15 23:25:55,718 - WARNING - Pattern 'SDQueueID = osMessageQueueNew\(QUEUE_SIZE, 2, NULL\);' not found in FATFS\Target\sd_diskio.c
2025-09-15 23:25:55,718 - WARNING - Pattern 'status = osMessageQueueGet\(SDQueueID, \(void \*\)&event, NULL, SD_TIMEOUT\);' not found in FATFS\Target\sd_diskio.c
2025-09-15 23:25:55,718 - INFO - Processing completed
2025-09-15 23:27:08,997 - INFO - current path: D:\Program\STM32\F429\OS
2025-09-15 23:27:08,998 - INFO - Skipping modified file: Gui/generated/setup_scr_screen.c
2025-09-15 23:27:08,999 - INFO - Skipping modified file: Gui/generated/setup_scr_screen_file.c
2025-09-15 23:27:08,999 - INFO - Skipping modified file: Gui/generated/setup_scr_screen_paint.c
2025-09-15 23:27:08,999 - INFO - Skipping modified file: Gui/generated/setup_scr_screen_serial.c
2025-09-15 23:27:08,999 - INFO - Skipping modified file: Gui/generated/gui_guider.c
2025-09-15 23:27:09,000 - WARNING - Pattern '/\*\* Enable the Alarm A\s*\n\s*\*/' not found in Core\Src\rtc.c
2025-09-15 23:27:09,000 - INFO - Skipping modified file: Core\Src\main.c
2025-09-15 23:27:09,001 - WARNING - Pattern 'SDQueueID = osMessageQueueNew\(QUEUE_SIZE, 2, NULL\);' not found in FATFS\Target\sd_diskio.c
2025-09-15 23:27:09,001 - WARNING - Pattern 'status = osMessageQueueGet\(SDQueueID, \(void \*\)&event, NULL, SD_TIMEOUT\);' not found in FATFS\Target\sd_diskio.c
2025-09-15 23:27:09,001 - INFO - Processing completed
2025-09-15 23:28:11,720 - INFO - current path: D:\Program\STM32\F429\OS
2025-09-15 23:28:11,721 - INFO - Skipping modified file: Gui/generated/setup_scr_screen.c
2025-09-15 23:28:11,721 - INFO - Skipping modified file: Gui/generated/setup_scr_screen_file.c
2025-09-15 23:28:11,722 - INFO - Skipping modified file: Gui/generated/setup_scr_screen_paint.c
2025-09-15 23:28:11,722 - INFO - Skipping modified file: Gui/generated/setup_scr_screen_serial.c
2025-09-15 23:28:11,722 - INFO - Skipping modified file: Gui/generated/gui_guider.c
2025-09-15 23:28:11,723 - WARNING - Pattern '/\*\* Enable the Alarm A\s*\n\s*\*/' not found in Core\Src\rtc.c
2025-09-15 23:28:11,723 - INFO - Skipping modified file: Core\Src\main.c
2025-09-15 23:28:11,723 - INFO - Inserted text after pattern 'SDQueueID = osMessageQueueNew\(QUEUE_SIZE, 2, NULL\);' in FATFS\Target\sd_diskio.c
2025-09-15 23:28:11,724 - WARNING - Pattern 'status = osMessageQueueGet\(SDQueueID, \(void \*\)&event, NULL, SD_TIMEOUT\);' not found in FATFS\Target\sd_diskio.c
2025-09-15 23:28:11,724 - INFO - Updated FATFS\Target\sd_diskio.c
2025-09-15 23:28:11,724 - INFO - Updated state with 2 new operations
2025-09-15 23:28:11,725 - INFO - Processing completed
2025-09-15 23:28:31,421 - INFO - current path: D:\Program\STM32\F429\OS
2025-09-15 23:28:31,422 - INFO - Skipping modified file: Gui/generated/setup_scr_screen.c
2025-09-15 23:28:31,422 - INFO - Skipping modified file: Gui/generated/setup_scr_screen_file.c
2025-09-15 23:28:31,423 - INFO - Skipping modified file: Gui/generated/setup_scr_screen_paint.c
2025-09-15 23:28:31,423 - INFO - Skipping modified file: Gui/generated/setup_scr_screen_serial.c
2025-09-15 23:28:31,424 - INFO - Skipping modified file: Gui/generated/gui_guider.c
2025-09-15 23:28:31,424 - WARNING - Pattern '/\*\* Enable the Alarm A\s*\n\s*\*/' not found in Core\Src\rtc.c
2025-09-15 23:28:31,425 - INFO - Skipping modified file: Core\Src\main.c
2025-09-15 23:28:31,425 - INFO - Skipping modified file: FATFS\Target\sd_diskio.c
2025-09-15 23:28:31,425 - INFO - Processing completed
2025-09-15 23:29:03,284 - INFO - current path: D:\Program\STM32\F429\OS
2025-09-15 23:29:03,285 - INFO - Skipping modified file: Gui/generated/setup_scr_screen.c
2025-09-15 23:29:03,286 - INFO - Skipping modified file: Gui/generated/setup_scr_screen_file.c
2025-09-15 23:29:03,286 - INFO - Skipping modified file: Gui/generated/setup_scr_screen_paint.c
2025-09-15 23:29:03,286 - INFO - Skipping modified file: Gui/generated/setup_scr_screen_serial.c
2025-09-15 23:29:03,286 - INFO - Skipping modified file: Gui/generated/gui_guider.c
2025-09-15 23:29:03,287 - WARNING - Pattern '/\*\* Enable the Alarm A\s*\n\s*\*/' not found in Core\Src\rtc.c
2025-09-15 23:29:03,287 - INFO - Skipping modified file: Core\Src\main.c
2025-09-15 23:29:03,288 - INFO - Inserted text after pattern 'SDQueueID = osMessageQueueNew\(QUEUE_SIZE, 2, NULL\);' in FATFS\Target\sd_diskio.c
2025-09-15 23:29:03,288 - WARNING - Pattern 'status = osMessageQueueGet\(SDQueueID, \(void \*\)&event, NULL, SD_TIMEOUT\);' not found in FATFS\Target\sd_diskio.c
2025-09-15 23:29:03,288 - INFO - Updated FATFS\Target\sd_diskio.c
2025-09-15 23:29:03,289 - INFO - Updated state with 2 new operations
2025-09-15 23:29:03,289 - INFO - Processing completed
2025-09-15 23:29:17,986 - INFO - current path: D:\Program\STM32\F429\OS
2025-09-15 23:29:17,987 - INFO - Skipping modified file: Gui/generated/setup_scr_screen.c
2025-09-15 23:29:17,988 - INFO - Skipping modified file: Gui/generated/setup_scr_screen_file.c
2025-09-15 23:29:17,988 - INFO - Skipping modified file: Gui/generated/setup_scr_screen_paint.c
2025-09-15 23:29:17,988 - INFO - Skipping modified file: Gui/generated/setup_scr_screen_serial.c
2025-09-15 23:29:17,989 - INFO - Skipping modified file: Gui/generated/gui_guider.c
2025-09-15 23:29:17,989 - WARNING - Pattern '/\*\* Enable the Alarm A\s*\n\s*\*/' not found in Core\Src\rtc.c
2025-09-15 23:29:17,989 - INFO - Skipping modified file: Core\Src\main.c
2025-09-15 23:29:17,990 - WARNING - Pattern 'SDQueueID = osMessageQueueNew\(QUEUE_SIZE, 2, NULL\);' not found in FATFS\Target\sd_diskio.c
2025-09-15 23:29:17,990 - WARNING - Pattern 'status = osMessageQueueGet\(SDQueueID, \(void \*\)&event, NULL, SD_TIMEOUT\);' not found in FATFS\Target\sd_diskio.c
2025-09-15 23:29:17,990 - INFO - Processing completed
2025-09-15 23:30:07,239 - INFO - current path: D:\Program\STM32\F429\OS
2025-09-15 23:30:07,239 - INFO - Skipping modified file: Gui/generated/setup_scr_screen.c
2025-09-15 23:30:07,240 - INFO - Skipping modified file: Gui/generated/setup_scr_screen_file.c
2025-09-15 23:30:07,240 - INFO - Skipping modified file: Gui/generated/setup_scr_screen_paint.c
2025-09-15 23:30:07,240 - INFO - Skipping modified file: Gui/generated/setup_scr_screen_serial.c
2025-09-15 23:30:07,241 - INFO - Skipping modified file: Gui/generated/gui_guider.c
2025-09-15 23:30:07,241 - WARNING - Pattern '/\*\* Enable the Alarm A\s*\n\s*\*/' not found in Core\Src\rtc.c
2025-09-15 23:30:07,241 - INFO - Skipping modified file: Core\Src\main.c
2025-09-15 23:30:07,242 - WARNING - Pattern 'SDQueueID = osMessageQueueNew\(QUEUE_SIZE, 2, NULL\);' not found in FATFS\Target\sd_diskio.c
2025-09-15 23:30:07,243 - WARNING - Pattern 'status = osMessageQueueGet\(SDQueueID, \(void \*\)&event, NULL, SD_TIMEOUT\);' not found in FATFS\Target\sd_diskio.c
2025-09-15 23:30:07,243 - INFO - Processing completed
2025-09-15 23:30:35,019 - INFO - current path: D:\Program\STM32\F429\OS
2025-09-15 23:30:35,020 - INFO - Skipping modified file: Gui/generated/setup_scr_screen.c
2025-09-15 23:30:35,020 - INFO - Skipping modified file: Gui/generated/setup_scr_screen_file.c
2025-09-15 23:30:35,020 - INFO - Skipping modified file: Gui/generated/setup_scr_screen_paint.c
2025-09-15 23:30:35,021 - INFO - Skipping modified file: Gui/generated/setup_scr_screen_serial.c
2025-09-15 23:30:35,021 - INFO - Skipping modified file: Gui/generated/gui_guider.c
2025-09-15 23:30:35,021 - WARNING - Pattern '/\*\* Enable the Alarm A\s*\n\s*\*/' not found in Core\Src\rtc.c
2025-09-15 23:30:35,022 - INFO - Skipping modified file: Core\Src\main.c
2025-09-15 23:30:35,022 - WARNING - Pattern 'SDQueueID = osMessageQueueNew\(QUEUE_SIZE, 2, NULL\);' not found in FATFS\Target\sd_diskio.c
2025-09-15 23:30:35,022 - WARNING - Pattern 'status = osMessageQueueGet\(SDQueueID, \(void \*\)&event, NULL, SD_TIMEOUT\);' not found in FATFS\Target\sd_diskio.c
2025-09-15 23:30:35,023 - INFO - Processing completed
2025-09-15 23:34:03,469 - INFO - current path: D:\Program\STM32\F429\OS
2025-09-15 23:34:03,470 - INFO - Skipping modified file: Gui/generated/setup_scr_screen.c
2025-09-15 23:34:03,471 - INFO - Skipping modified file: Gui/generated/setup_scr_screen_file.c
2025-09-15 23:34:03,471 - INFO - Skipping modified file: Gui/generated/setup_scr_screen_paint.c
2025-09-15 23:34:03,472 - INFO - Skipping modified file: Gui/generated/setup_scr_screen_serial.c
2025-09-15 23:34:03,472 - INFO - Skipping modified file: Gui/generated/gui_guider.c
2025-09-15 23:34:03,472 - WARNING - Pattern '/\*\* Enable the Alarm A\s*\n\s*\*/' not found in Core\Src\rtc.c
2025-09-15 23:34:03,473 - INFO - Skipping modified file: Core\Src\main.c
2025-09-15 23:34:03,473 - WARNING - Pattern 'SDQueueID = osMessageQueueNew\(QUEUE_SIZE, 2, NULL\);' not found in FATFS\Target\sd_diskio.c
2025-09-15 23:34:03,473 - WARNING - Pattern 'status = osMessageQueueGet\(SDQueueID, \(void \*\)&event, NULL, SD_TIMEOUT\);' not found in FATFS\Target\sd_diskio.c
2025-09-15 23:34:03,473 - INFO - Processing completed
2025-09-15 23:37:09,996 - INFO - current path: D:\Program\STM32\F429\OS
2025-09-15 23:37:09,997 - INFO - Skipping modified file: Gui/generated/setup_scr_screen.c
2025-09-15 23:37:09,997 - INFO - Skipping modified file: Gui/generated/setup_scr_screen_file.c
2025-09-15 23:37:09,998 - INFO - Skipping modified file: Gui/generated/setup_scr_screen_paint.c
2025-09-15 23:37:09,998 - INFO - Skipping modified file: Gui/generated/setup_scr_screen_serial.c
2025-09-15 23:37:09,998 - INFO - Skipping modified file: Gui/generated/gui_guider.c
2025-09-15 23:37:09,999 - WARNING - Pattern '/\*\* Enable the Alarm A\s*\n\s*\*/' not found in Core\Src\rtc.c
2025-09-15 23:37:09,999 - INFO - Skipping modified file: Core\Src\main.c
2025-09-15 23:37:09,999 - WARNING - Pattern 'SDQueueID = osMessageQueueNew\(QUEUE_SIZE, 2, NULL\);' not found in FATFS\Target\sd_diskio.c
2025-09-15 23:37:10,000 - WARNING - Pattern 'status = osMessageQueueGet\(SDQueueID, \(void \*\)&event, NULL, SD_TIMEOUT\);' not found in FATFS\Target\sd_diskio.c
2025-09-15 23:37:10,000 - INFO - Processing completed
2025-09-15 23:39:33,238 - INFO - current path: D:\Program\STM32\F429\OS
2025-09-15 23:39:33,239 - INFO - Skipping modified file: Gui/generated/setup_scr_screen.c
2025-09-15 23:39:33,239 - INFO - Skipping modified file: Gui/generated/setup_scr_screen_file.c
2025-09-15 23:39:33,240 - INFO - Skipping modified file: Gui/generated/setup_scr_screen_paint.c
2025-09-15 23:39:33,240 - INFO - Skipping modified file: Gui/generated/setup_scr_screen_serial.c
2025-09-15 23:39:33,240 - INFO - Skipping modified file: Gui/generated/gui_guider.c
2025-09-15 23:39:33,241 - WARNING - Pattern '/\*\* Enable the Alarm A\s*\n\s*\*/' not found in Core\Src\rtc.c
2025-09-15 23:39:33,241 - INFO - Skipping modified file: Core\Src\main.c
2025-09-15 23:39:33,242 - WARNING - Pattern 'SDQueueID = osMessageQueueNew\(QUEUE_SIZE, 2, NULL\);' not found in FATFS\Target\sd_diskio.c
2025-09-15 23:39:33,242 - WARNING - Pattern 'status = osMessageQueueGet\(SDQueueID, \(void \*\)&event, NULL, SD_TIMEOUT\);' not found in FATFS\Target\sd_diskio.c
2025-09-15 23:39:33,242 - INFO - Processing completed
2025-09-15 23:40:14,197 - INFO - current path: D:\Program\STM32\F429\OS
2025-09-15 23:40:14,199 - INFO - Skipping modified file: Gui/generated/setup_scr_screen.c
2025-09-15 23:40:14,199 - INFO - Skipping modified file: Gui/generated/setup_scr_screen_file.c
2025-09-15 23:40:14,199 - INFO - Skipping modified file: Gui/generated/setup_scr_screen_paint.c
2025-09-15 23:40:14,200 - INFO - Skipping modified file: Gui/generated/setup_scr_screen_serial.c
2025-09-15 23:40:14,200 - INFO - Skipping modified file: Gui/generated/gui_guider.c
2025-09-15 23:40:14,201 - WARNING - Pattern '/\*\* Enable the Alarm A\s*\n\s*\*/' not found in Core\Src\rtc.c
2025-09-15 23:40:14,201 - INFO - Skipping modified file: Core\Src\main.c
2025-09-15 23:40:14,201 - WARNING - Pattern 'SDQueueID = osMessageQueueNew\(QUEUE_SIZE, 2, NULL\);' not found in FATFS\Target\sd_diskio.c
2025-09-15 23:40:14,202 - WARNING - Pattern 'status = osMessageQueueGet\(SDQueueID, \(void \*\)&event, NULL, SD_TIMEOUT\);' not found in FATFS\Target\sd_diskio.c
2025-09-15 23:40:14,202 - INFO - Processing completed
2025-09-15 23:40:53,485 - INFO - current path: D:\Program\STM32\F429\OS
2025-09-15 23:40:53,486 - INFO - Skipping modified file: Gui/generated/setup_scr_screen.c
2025-09-15 23:40:53,487 - INFO - Skipping modified file: Gui/generated/setup_scr_screen_file.c
2025-09-15 23:40:53,487 - INFO - Skipping modified file: Gui/generated/setup_scr_screen_paint.c
2025-09-15 23:40:53,487 - INFO - Skipping modified file: Gui/generated/setup_scr_screen_serial.c
2025-09-15 23:40:53,487 - INFO - Skipping modified file: Gui/generated/gui_guider.c
2025-09-15 23:40:53,488 - WARNING - Pattern '/\*\* Enable the Alarm A\s*\n\s*\*/' not found in Core\Src\rtc.c
2025-09-15 23:40:53,488 - INFO - Skipping modified file: Core\Src\main.c
2025-09-15 23:40:53,489 - WARNING - Pattern 'SDQueueID = osMessageQueueNew\(QUEUE_SIZE, 2, NULL\);' not found in FATFS\Target\sd_diskio.c
2025-09-15 23:40:53,489 - WARNING - Pattern 'status = osMessageQueueGet\(SDQueueID, \(void \*\)&event, NULL, SD_TIMEOUT\);' not found in FATFS\Target\sd_diskio.c
2025-09-15 23:40:53,489 - INFO - Processing completed
2025-09-17 22:11:25,153 - INFO - current path: D:\Program\STM32\F429\OS
2025-09-17 22:11:25,154 - INFO - Skipping modified file: Gui/generated/setup_scr_screen.c
2025-09-17 22:11:25,154 - INFO - Skipping modified file: Gui/generated/setup_scr_screen_file.c
2025-09-17 22:11:25,154 - INFO - Skipping modified file: Gui/generated/setup_scr_screen_paint.c
2025-09-17 22:11:25,155 - INFO - Skipping modified file: Gui/generated/setup_scr_screen_serial.c
2025-09-17 22:11:25,155 - INFO - Skipping modified file: Gui/generated/gui_guider.c
2025-09-17 22:11:25,155 - WARNING - Pattern '/\*\* Enable the Alarm A\s*\n\s*\*/' not found in Core\Src\rtc.c
2025-09-17 22:11:25,156 - INFO - Skipping modified file: Core\Src\main.c
2025-09-17 22:11:25,156 - WARNING - Pattern 'SDQueueID = osMessageQueueNew\(QUEUE_SIZE, 2, NULL\);' not found in FATFS\Target\sd_diskio.c
2025-09-17 22:11:25,156 - WARNING - Pattern 'status = osMessageQueueGet\(SDQueueID, \(void \*\)&event, NULL, SD_TIMEOUT\);' not found in FATFS\Target\sd_diskio.c
2025-09-17 22:11:25,156 - INFO - Processing completed
2025-09-17 22:12:21,041 - INFO - current path: D:\Program\STM32\F429\OS
2025-09-17 22:12:21,043 - INFO - Skipping modified file: Gui/generated/setup_scr_screen.c
2025-09-17 22:12:21,043 - INFO - Skipping modified file: Gui/generated/setup_scr_screen_file.c
2025-09-17 22:12:21,044 - INFO - Skipping modified file: Gui/generated/setup_scr_screen_paint.c
2025-09-17 22:12:21,044 - INFO - Skipping modified file: Gui/generated/setup_scr_screen_serial.c
2025-09-17 22:12:21,044 - INFO - Skipping modified file: Gui/generated/gui_guider.c
2025-09-17 22:12:21,045 - WARNING - Pattern '/\*\* Enable the Alarm A\s*\n\s*\*/' not found in Core\Src\rtc.c
2025-09-17 22:12:21,046 - INFO - Skipping modified file: Core\Src\main.c
2025-09-17 22:12:21,046 - WARNING - Pattern 'SDQueueID = osMessageQueueNew\(QUEUE_SIZE, 2, NULL\);' not found in FATFS\Target\sd_diskio.c
2025-09-17 22:12:21,046 - WARNING - Pattern 'status = osMessageQueueGet\(SDQueueID, \(void \*\)&event, NULL, SD_TIMEOUT\);' not found in FATFS\Target\sd_diskio.c
2025-09-17 22:12:21,046 - INFO - Processing completed
2025-09-17 22:13:26,800 - INFO - current path: D:\Program\STM32\F429\OS
2025-09-17 22:13:26,801 - INFO - Skipping modified file: Gui/generated/setup_scr_screen.c
2025-09-17 22:13:26,802 - INFO - Skipping modified file: Gui/generated/setup_scr_screen_file.c
2025-09-17 22:13:26,802 - INFO - Skipping modified file: Gui/generated/setup_scr_screen_paint.c
2025-09-17 22:13:26,802 - INFO - Skipping modified file: Gui/generated/setup_scr_screen_serial.c
2025-09-17 22:13:26,803 - INFO - Skipping modified file: Gui/generated/gui_guider.c
2025-09-17 22:13:26,804 - WARNING - Pattern '/\*\* Enable the Alarm A\s*\n\s*\*/' not found in Core\Src\rtc.c
2025-09-17 22:13:26,804 - INFO - Skipping modified file: Core\Src\main.c
2025-09-17 22:13:26,804 - WARNING - Pattern 'SDQueueID = osMessageQueueNew\(QUEUE_SIZE, 2, NULL\);' not found in FATFS\Target\sd_diskio.c
2025-09-17 22:13:26,805 - WARNING - Pattern 'status = osMessageQueueGet\(SDQueueID, \(void \*\)&event, NULL, SD_TIMEOUT\);' not found in FATFS\Target\sd_diskio.c
2025-09-17 22:13:26,805 - INFO - Processing completed
2025-09-17 22:14:11,628 - INFO - current path: D:\Program\STM32\F429\OS
2025-09-17 22:14:11,630 - INFO - Skipping modified file: Gui/generated/setup_scr_screen.c
2025-09-17 22:14:11,630 - INFO - Skipping modified file: Gui/generated/setup_scr_screen_file.c
2025-09-17 22:14:11,631 - INFO - Skipping modified file: Gui/generated/setup_scr_screen_paint.c
2025-09-17 22:14:11,632 - INFO - Skipping modified file: Gui/generated/setup_scr_screen_serial.c
2025-09-17 22:14:11,632 - INFO - Skipping modified file: Gui/generated/gui_guider.c
2025-09-17 22:14:11,632 - WARNING - Pattern '/\*\* Enable the Alarm A\s*\n\s*\*/' not found in Core\Src\rtc.c
2025-09-17 22:14:11,633 - INFO - Skipping modified file: Core\Src\main.c
2025-09-17 22:14:11,633 - WARNING - Pattern 'SDQueueID = osMessageQueueNew\(QUEUE_SIZE, 2, NULL\);' not found in FATFS\Target\sd_diskio.c
2025-09-17 22:14:11,634 - WARNING - Pattern 'status = osMessageQueueGet\(SDQueueID, \(void \*\)&event, NULL, SD_TIMEOUT\);' not found in FATFS\Target\sd_diskio.c
2025-09-17 22:14:11,634 - INFO - Processing completed
2025-09-17 22:21:05,419 - INFO - current path: D:\Program\STM32\F429\OS
2025-09-17 22:21:05,420 - INFO - Skipping modified file: Gui/generated/setup_scr_screen.c
2025-09-17 22:21:05,421 - INFO - Skipping modified file: Gui/generated/setup_scr_screen_file.c
2025-09-17 22:21:05,421 - INFO - Skipping modified file: Gui/generated/setup_scr_screen_paint.c
2025-09-17 22:21:05,422 - INFO - Skipping modified file: Gui/generated/setup_scr_screen_serial.c
2025-09-17 22:21:05,422 - INFO - Skipping modified file: Gui/generated/gui_guider.c
2025-09-17 22:21:05,422 - WARNING - Pattern '/\*\* Enable the Alarm A\s*\n\s*\*/' not found in Core\Src\rtc.c
2025-09-17 22:21:05,423 - INFO - Skipping modified file: Core\Src\main.c
2025-09-17 22:21:05,424 - WARNING - Pattern 'SDQueueID = osMessageQueueNew\(QUEUE_SIZE, 2, NULL\);' not found in FATFS\Target\sd_diskio.c
2025-09-17 22:21:05,424 - WARNING - Pattern 'status = osMessageQueueGet\(SDQueueID, \(void \*\)&event, NULL, SD_TIMEOUT\);' not found in FATFS\Target\sd_diskio.c
2025-09-17 22:21:05,424 - INFO - Processing completed
2025-09-17 22:21:38,992 - INFO - current path: D:\Program\STM32\F429\OS
2025-09-17 22:21:38,994 - INFO - Skipping modified file: Gui/generated/setup_scr_screen.c
2025-09-17 22:21:38,994 - INFO - Skipping modified file: Gui/generated/setup_scr_screen_file.c
2025-09-17 22:21:38,995 - INFO - Skipping modified file: Gui/generated/setup_scr_screen_paint.c
2025-09-17 22:21:38,995 - INFO - Skipping modified file: Gui/generated/setup_scr_screen_serial.c
2025-09-17 22:21:38,996 - INFO - Skipping modified file: Gui/generated/gui_guider.c
2025-09-17 22:21:38,996 - WARNING - Pattern '/\*\* Enable the Alarm A\s*\n\s*\*/' not found in Core\Src\rtc.c
2025-09-17 22:21:38,997 - INFO - Skipping modified file: Core\Src\main.c
2025-09-17 22:21:38,997 - WARNING - Pattern 'SDQueueID = osMessageQueueNew\(QUEUE_SIZE, 2, NULL\);' not found in FATFS\Target\sd_diskio.c
2025-09-17 22:21:38,997 - WARNING - Pattern 'status = osMessageQueueGet\(SDQueueID, \(void \*\)&event, NULL, SD_TIMEOUT\);' not found in FATFS\Target\sd_diskio.c
2025-09-17 22:21:38,998 - INFO - Processing completed
2025-09-17 22:26:21,412 - INFO - current path: D:\Program\STM32\F429\OS
2025-09-17 22:26:21,413 - INFO - Replaced pattern '&lv_font_' in Gui/generated/setup_scr_screen.c
2025-09-17 22:26:21,417 - INFO - Updated Gui/generated/setup_scr_screen.c
2025-09-17 22:26:21,418 - INFO - Replaced pattern '&lv_font_' in Gui/generated/setup_scr_screen_file.c
2025-09-17 22:26:21,419 - INFO - Updated Gui/generated/setup_scr_screen_file.c
2025-09-17 22:26:21,419 - INFO - Replaced pattern '&lv_font_' in Gui/generated/setup_scr_screen_paint.c
2025-09-17 22:26:21,421 - INFO - Updated Gui/generated/setup_scr_screen_paint.c
2025-09-17 22:26:21,421 - INFO - Replaced pattern '&lv_font_' in Gui/generated/setup_scr_screen_serial.c
2025-09-17 22:26:21,422 - INFO - Updated Gui/generated/setup_scr_screen_serial.c
2025-09-17 22:26:21,423 - INFO - Replaced pattern '&lv_font_' in Gui/generated/gui_guider.c
2025-09-17 22:26:21,423 - INFO - Inserted text after pattern '#include "widgets_init.h"' in Gui/generated/gui_guider.c
2025-09-17 22:26:21,424 - INFO - Updated Gui/generated/gui_guider.c
2025-09-17 22:26:21,425 - WARNING - Pattern '/\*\* Enable the Alarm A\s*\n\s*\*/' not found in Core\Src\rtc.c
2025-09-17 22:26:21,425 - INFO - Skipping modified file: Core\Src\main.c
2025-09-17 22:26:21,426 - WARNING - Pattern 'SDQueueID = osMessageQueueNew\(QUEUE_SIZE, 2, NULL\);' not found in FATFS\Target\sd_diskio.c
2025-09-17 22:26:21,426 - WARNING - Pattern 'status = osMessageQueueGet\(SDQueueID, \(void \*\)&event, NULL, SD_TIMEOUT\);' not found in FATFS\Target\sd_diskio.c
2025-09-17 22:26:21,426 - INFO - Updated state with 6 new operations
2025-09-17 22:26:21,427 - INFO - Processing completed
2025-09-17 22:28:54,901 - INFO - current path: D:\Program\STM32\F429\OS
2025-09-17 22:28:54,902 - INFO - Skipping modified file: Gui/generated/setup_scr_screen.c
2025-09-17 22:28:54,903 - INFO - Skipping modified file: Gui/generated/setup_scr_screen_file.c
2025-09-17 22:28:54,903 - INFO - Skipping modified file: Gui/generated/setup_scr_screen_paint.c
2025-09-17 22:28:54,903 - INFO - Skipping modified file: Gui/generated/setup_scr_screen_serial.c
2025-09-17 22:28:54,904 - INFO - Skipping modified file: Gui/generated/gui_guider.c
2025-09-17 22:28:54,904 - WARNING - Pattern '/\*\* Enable the Alarm A\s*\n\s*\*/' not found in Core\Src\rtc.c
2025-09-17 22:28:54,904 - INFO - Skipping modified file: Core\Src\main.c
2025-09-17 22:28:54,905 - WARNING - Pattern 'SDQueueID = osMessageQueueNew\(QUEUE_SIZE, 2, NULL\);' not found in FATFS\Target\sd_diskio.c
2025-09-17 22:28:54,906 - WARNING - Pattern 'status = osMessageQueueGet\(SDQueueID, \(void \*\)&event, NULL, SD_TIMEOUT\);' not found in FATFS\Target\sd_diskio.c
2025-09-17 22:28:54,906 - INFO - Processing completed
2025-09-17 22:29:45,700 - INFO - current path: D:\Program\STM32\F429\OS
2025-09-17 22:29:45,701 - INFO - Skipping modified file: Gui/generated/setup_scr_screen.c
2025-09-17 22:29:45,701 - INFO - Skipping modified file: Gui/generated/setup_scr_screen_file.c
2025-09-17 22:29:45,702 - INFO - Skipping modified file: Gui/generated/setup_scr_screen_paint.c
2025-09-17 22:29:45,702 - INFO - Skipping modified file: Gui/generated/setup_scr_screen_serial.c
2025-09-17 22:29:45,703 - INFO - Skipping modified file: Gui/generated/gui_guider.c
2025-09-17 22:29:45,703 - WARNING - Pattern '/\*\* Enable the Alarm A\s*\n\s*\*/' not found in Core\Src\rtc.c
2025-09-17 22:29:45,703 - INFO - Skipping modified file: Core\Src\main.c
2025-09-17 22:29:45,704 - WARNING - Pattern 'SDQueueID = osMessageQueueNew\(QUEUE_SIZE, 2, NULL\);' not found in FATFS\Target\sd_diskio.c
2025-09-17 22:29:45,704 - WARNING - Pattern 'status = osMessageQueueGet\(SDQueueID, \(void \*\)&event, NULL, SD_TIMEOUT\);' not found in FATFS\Target\sd_diskio.c
2025-09-17 22:29:45,704 - INFO - Processing completed
2025-09-17 22:30:32,460 - INFO - current path: D:\Program\STM32\F429\OS
2025-09-17 22:30:32,461 - INFO - Skipping modified file: Gui/generated/setup_scr_screen.c
2025-09-17 22:30:32,461 - INFO - Skipping modified file: Gui/generated/setup_scr_screen_file.c
2025-09-17 22:30:32,462 - INFO - Skipping modified file: Gui/generated/setup_scr_screen_paint.c
2025-09-17 22:30:32,462 - INFO - Skipping modified file: Gui/generated/setup_scr_screen_serial.c
2025-09-17 22:30:32,462 - INFO - Skipping modified file: Gui/generated/gui_guider.c
2025-09-17 22:30:32,463 - WARNING - Pattern '/\*\* Enable the Alarm A\s*\n\s*\*/' not found in Core\Src\rtc.c
2025-09-17 22:30:32,463 - INFO - Skipping modified file: Core\Src\main.c
2025-09-17 22:30:32,463 - WARNING - Pattern 'SDQueueID = osMessageQueueNew\(QUEUE_SIZE, 2, NULL\);' not found in FATFS\Target\sd_diskio.c
2025-09-17 22:30:32,464 - WARNING - Pattern 'status = osMessageQueueGet\(SDQueueID, \(void \*\)&event, NULL, SD_TIMEOUT\);' not found in FATFS\Target\sd_diskio.c
2025-09-17 22:30:32,464 - INFO - Processing completed
2025-09-17 22:31:09,995 - INFO - current path: D:\Program\STM32\F429\OS
2025-09-17 22:31:09,996 - INFO - Skipping modified file: Gui/generated/setup_scr_screen.c
2025-09-17 22:31:09,997 - INFO - Skipping modified file: Gui/generated/setup_scr_screen_file.c
2025-09-17 22:31:09,997 - INFO - Skipping modified file: Gui/generated/setup_scr_screen_paint.c
2025-09-17 22:31:09,997 - INFO - Skipping modified file: Gui/generated/setup_scr_screen_serial.c
2025-09-17 22:31:09,998 - INFO - Skipping modified file: Gui/generated/gui_guider.c
2025-09-17 22:31:09,998 - WARNING - Pattern '/\*\* Enable the Alarm A\s*\n\s*\*/' not found in Core\Src\rtc.c
2025-09-17 22:31:09,998 - INFO - Skipping modified file: Core\Src\main.c
2025-09-17 22:31:09,999 - WARNING - Pattern 'SDQueueID = osMessageQueueNew\(QUEUE_SIZE, 2, NULL\);' not found in FATFS\Target\sd_diskio.c
2025-09-17 22:31:09,999 - WARNING - Pattern 'status = osMessageQueueGet\(SDQueueID, \(void \*\)&event, NULL, SD_TIMEOUT\);' not found in FATFS\Target\sd_diskio.c
2025-09-17 22:31:09,999 - INFO - Processing completed
2025-09-17 22:31:50,455 - INFO - current path: D:\Program\STM32\F429\OS
2025-09-17 22:31:50,456 - INFO - Skipping modified file: Gui/generated/setup_scr_screen.c
2025-09-17 22:31:50,457 - INFO - Skipping modified file: Gui/generated/setup_scr_screen_file.c
2025-09-17 22:31:50,457 - INFO - Skipping modified file: Gui/generated/setup_scr_screen_paint.c
2025-09-17 22:31:50,458 - INFO - Skipping modified file: Gui/generated/setup_scr_screen_serial.c
2025-09-17 22:31:50,458 - INFO - Skipping modified file: Gui/generated/gui_guider.c
2025-09-17 22:31:50,458 - WARNING - Pattern '/\*\* Enable the Alarm A\s*\n\s*\*/' not found in Core\Src\rtc.c
2025-09-17 22:31:50,459 - INFO - Skipping modified file: Core\Src\main.c
2025-09-17 22:31:50,459 - WARNING - Pattern 'SDQueueID = osMessageQueueNew\(QUEUE_SIZE, 2, NULL\);' not found in FATFS\Target\sd_diskio.c
2025-09-17 22:31:50,459 - WARNING - Pattern 'status = osMessageQueueGet\(SDQueueID, \(void \*\)&event, NULL, SD_TIMEOUT\);' not found in FATFS\Target\sd_diskio.c
2025-09-17 22:31:50,459 - INFO - Processing completed
2025-09-17 22:32:50,341 - INFO - current path: D:\Program\STM32\F429\OS
2025-09-17 22:32:50,342 - INFO - Skipping modified file: Gui/generated/setup_scr_screen.c
2025-09-17 22:32:50,342 - INFO - Skipping modified file: Gui/generated/setup_scr_screen_file.c
2025-09-17 22:32:50,343 - INFO - Skipping modified file: Gui/generated/setup_scr_screen_paint.c
2025-09-17 22:32:50,343 - INFO - Skipping modified file: Gui/generated/setup_scr_screen_serial.c
2025-09-17 22:32:50,343 - INFO - Skipping modified file: Gui/generated/gui_guider.c
2025-09-17 22:32:50,344 - WARNING - Pattern '/\*\* Enable the Alarm A\s*\n\s*\*/' not found in Core\Src\rtc.c
2025-09-17 22:32:50,344 - INFO - Skipping modified file: Core\Src\main.c
2025-09-17 22:32:50,345 - WARNING - Pattern 'SDQueueID = osMessageQueueNew\(QUEUE_SIZE, 2, NULL\);' not found in FATFS\Target\sd_diskio.c
2025-09-17 22:32:50,345 - WARNING - Pattern 'status = osMessageQueueGet\(SDQueueID, \(void \*\)&event, NULL, SD_TIMEOUT\);' not found in FATFS\Target\sd_diskio.c
2025-09-17 22:32:50,345 - INFO - Processing completed
2025-09-17 22:35:51,667 - INFO - current path: D:\Program\STM32\F429\OS
2025-09-17 22:35:51,668 - INFO - Skipping modified file: Gui/generated/setup_scr_screen.c
2025-09-17 22:35:51,668 - INFO - Skipping modified file: Gui/generated/setup_scr_screen_file.c
2025-09-17 22:35:51,669 - INFO - Skipping modified file: Gui/generated/setup_scr_screen_paint.c
2025-09-17 22:35:51,669 - INFO - Skipping modified file: Gui/generated/setup_scr_screen_serial.c
2025-09-17 22:35:51,669 - INFO - Skipping modified file: Gui/generated/gui_guider.c
2025-09-17 22:35:51,670 - WARNING - Pattern '/\*\* Enable the Alarm A\s*\n\s*\*/' not found in Core\Src\rtc.c
2025-09-17 22:35:51,670 - INFO - Skipping modified file: Core\Src\main.c
2025-09-17 22:35:51,671 - WARNING - Pattern 'SDQueueID = osMessageQueueNew\(QUEUE_SIZE, 2, NULL\);' not found in FATFS\Target\sd_diskio.c
2025-09-17 22:35:51,671 - WARNING - Pattern 'status = osMessageQueueGet\(SDQueueID, \(void \*\)&event, NULL, SD_TIMEOUT\);' not found in FATFS\Target\sd_diskio.c
2025-09-17 22:35:51,671 - INFO - Processing completed
2025-09-17 22:36:49,192 - INFO - current path: D:\Program\STM32\F429\OS
2025-09-17 22:36:49,194 - INFO - Skipping modified file: Gui/generated/setup_scr_screen.c
2025-09-17 22:36:49,194 - INFO - Skipping modified file: Gui/generated/setup_scr_screen_file.c
2025-09-17 22:36:49,195 - INFO - Skipping modified file: Gui/generated/setup_scr_screen_paint.c
2025-09-17 22:36:49,195 - INFO - Skipping modified file: Gui/generated/setup_scr_screen_serial.c
2025-09-17 22:36:49,196 - INFO - Skipping modified file: Gui/generated/gui_guider.c
2025-09-17 22:36:49,196 - WARNING - Pattern '/\*\* Enable the Alarm A\s*\n\s*\*/' not found in Core\Src\rtc.c
2025-09-17 22:36:49,197 - INFO - Skipping modified file: Core\Src\main.c
2025-09-17 22:36:49,197 - WARNING - Pattern 'SDQueueID = osMessageQueueNew\(QUEUE_SIZE, 2, NULL\);' not found in FATFS\Target\sd_diskio.c
2025-09-17 22:36:49,197 - WARNING - Pattern 'status = osMessageQueueGet\(SDQueueID, \(void \*\)&event, NULL, SD_TIMEOUT\);' not found in FATFS\Target\sd_diskio.c
2025-09-17 22:36:49,198 - INFO - Processing completed
2025-09-17 22:38:33,912 - INFO - current path: D:\Program\STM32\F429\OS
2025-09-17 22:38:33,914 - INFO - Skipping modified file: Gui/generated/setup_scr_screen.c
2025-09-17 22:38:33,914 - INFO - Skipping modified file: Gui/generated/setup_scr_screen_file.c
2025-09-17 22:38:33,914 - INFO - Skipping modified file: Gui/generated/setup_scr_screen_paint.c
2025-09-17 22:38:33,915 - INFO - Skipping modified file: Gui/generated/setup_scr_screen_serial.c
2025-09-17 22:38:33,915 - INFO - Skipping modified file: Gui/generated/gui_guider.c
2025-09-17 22:38:33,915 - WARNING - Pattern '/\*\* Enable the Alarm A\s*\n\s*\*/' not found in Core\Src\rtc.c
2025-09-17 22:38:33,916 - INFO - Skipping modified file: Core\Src\main.c
2025-09-17 22:38:33,917 - WARNING - Pattern 'SDQueueID = osMessageQueueNew\(QUEUE_SIZE, 2, NULL\);' not found in FATFS\Target\sd_diskio.c
2025-09-17 22:38:33,917 - WARNING - Pattern 'status = osMessageQueueGet\(SDQueueID, \(void \*\)&event, NULL, SD_TIMEOUT\);' not found in FATFS\Target\sd_diskio.c
2025-09-17 22:38:33,917 - INFO - Processing completed
2025-09-17 22:41:40,042 - INFO - current path: D:\Program\STM32\F429\OS
2025-09-17 22:41:40,043 - INFO - Skipping modified file: Gui/generated/setup_scr_screen.c
2025-09-17 22:41:40,044 - INFO - Skipping modified file: Gui/generated/setup_scr_screen_file.c
2025-09-17 22:41:40,044 - INFO - Skipping modified file: Gui/generated/setup_scr_screen_paint.c
2025-09-17 22:41:40,045 - INFO - Skipping modified file: Gui/generated/setup_scr_screen_serial.c
2025-09-17 22:41:40,045 - INFO - Skipping modified file: Gui/generated/gui_guider.c
2025-09-17 22:41:40,046 - WARNING - Pattern '/\*\* Enable the Alarm A\s*\n\s*\*/' not found in Core\Src\rtc.c
2025-09-17 22:41:40,046 - INFO - Skipping modified file: Core\Src\main.c
2025-09-17 22:41:40,047 - WARNING - Pattern 'SDQueueID = osMessageQueueNew\(QUEUE_SIZE, 2, NULL\);' not found in FATFS\Target\sd_diskio.c
2025-09-17 22:41:40,047 - WARNING - Pattern 'status = osMessageQueueGet\(SDQueueID, \(void \*\)&event, NULL, SD_TIMEOUT\);' not found in FATFS\Target\sd_diskio.c
2025-09-17 22:41:40,047 - INFO - Processing completed
2025-09-17 22:42:44,086 - INFO - current path: D:\Program\STM32\F429\OS
2025-09-17 22:42:44,088 - INFO - Skipping modified file: Gui/generated/setup_scr_screen.c
2025-09-17 22:42:44,088 - INFO - Skipping modified file: Gui/generated/setup_scr_screen_file.c
2025-09-17 22:42:44,089 - INFO - Skipping modified file: Gui/generated/setup_scr_screen_paint.c
2025-09-17 22:42:44,089 - INFO - Skipping modified file: Gui/generated/setup_scr_screen_serial.c
2025-09-17 22:42:44,090 - INFO - Skipping modified file: Gui/generated/gui_guider.c
2025-09-17 22:42:44,090 - WARNING - Pattern '/\*\* Enable the Alarm A\s*\n\s*\*/' not found in Core\Src\rtc.c
2025-09-17 22:42:44,091 - INFO - Skipping modified file: Core\Src\main.c
2025-09-17 22:42:44,091 - WARNING - Pattern 'SDQueueID = osMessageQueueNew\(QUEUE_SIZE, 2, NULL\);' not found in FATFS\Target\sd_diskio.c
2025-09-17 22:42:44,092 - WARNING - Pattern 'status = osMessageQueueGet\(SDQueueID, \(void \*\)&event, NULL, SD_TIMEOUT\);' not found in FATFS\Target\sd_diskio.c
2025-09-17 22:42:44,092 - INFO - Processing completed
2025-09-17 22:43:21,047 - INFO - current path: D:\Program\STM32\F429\OS
2025-09-17 22:43:21,048 - INFO - Skipping modified file: Gui/generated/setup_scr_screen.c
2025-09-17 22:43:21,049 - INFO - Skipping modified file: Gui/generated/setup_scr_screen_file.c
2025-09-17 22:43:21,049 - INFO - Skipping modified file: Gui/generated/setup_scr_screen_paint.c
2025-09-17 22:43:21,049 - INFO - Skipping modified file: Gui/generated/setup_scr_screen_serial.c
2025-09-17 22:43:21,050 - INFO - Skipping modified file: Gui/generated/gui_guider.c
2025-09-17 22:43:21,050 - WARNING - Pattern '/\*\* Enable the Alarm A\s*\n\s*\*/' not found in Core\Src\rtc.c
2025-09-17 22:43:21,050 - INFO - Skipping modified file: Core\Src\main.c
2025-09-17 22:43:21,051 - WARNING - Pattern 'SDQueueID = osMessageQueueNew\(QUEUE_SIZE, 2, NULL\);' not found in FATFS\Target\sd_diskio.c
2025-09-17 22:43:21,051 - WARNING - Pattern 'status = osMessageQueueGet\(SDQueueID, \(void \*\)&event, NULL, SD_TIMEOUT\);' not found in FATFS\Target\sd_diskio.c
2025-09-17 22:43:21,051 - INFO - Processing completed
2025-09-17 22:46:22,867 - INFO - current path: D:\Program\STM32\F429\OS
2025-09-17 22:46:22,869 - INFO - Skipping modified file: Gui/generated/setup_scr_screen.c
2025-09-17 22:46:22,869 - INFO - Skipping modified file: Gui/generated/setup_scr_screen_file.c
2025-09-17 22:46:22,870 - INFO - Skipping modified file: Gui/generated/setup_scr_screen_paint.c
2025-09-17 22:46:22,870 - INFO - Skipping modified file: Gui/generated/setup_scr_screen_serial.c
2025-09-17 22:46:22,871 - INFO - Skipping modified file: Gui/generated/gui_guider.c
2025-09-17 22:46:22,871 - WARNING - Pattern '/\*\* Enable the Alarm A\s*\n\s*\*/' not found in Core\Src\rtc.c
2025-09-17 22:46:22,871 - INFO - Skipping modified file: Core\Src\main.c
2025-09-17 22:46:22,872 - WARNING - Pattern 'SDQueueID = osMessageQueueNew\(QUEUE_SIZE, 2, NULL\);' not found in FATFS\Target\sd_diskio.c
2025-09-17 22:46:22,872 - WARNING - Pattern 'status = osMessageQueueGet\(SDQueueID, \(void \*\)&event, NULL, SD_TIMEOUT\);' not found in FATFS\Target\sd_diskio.c
2025-09-17 22:46:22,872 - INFO - Processing completed
2025-09-17 22:47:31,786 - INFO - current path: D:\Program\STM32\F429\OS
2025-09-17 22:47:31,787 - INFO - Skipping modified file: Gui/generated/setup_scr_screen.c
2025-09-17 22:47:31,788 - INFO - Skipping modified file: Gui/generated/setup_scr_screen_file.c
2025-09-17 22:47:31,789 - INFO - Skipping modified file: Gui/generated/setup_scr_screen_paint.c
2025-09-17 22:47:31,789 - INFO - Skipping modified file: Gui/generated/setup_scr_screen_serial.c
2025-09-17 22:47:31,790 - INFO - Skipping modified file: Gui/generated/gui_guider.c
2025-09-17 22:47:31,791 - WARNING - Pattern '/\*\* Enable the Alarm A\s*\n\s*\*/' not found in Core\Src\rtc.c
2025-09-17 22:47:31,791 - INFO - Skipping modified file: Core\Src\main.c
2025-09-17 22:47:31,792 - WARNING - Pattern 'SDQueueID = osMessageQueueNew\(QUEUE_SIZE, 2, NULL\);' not found in FATFS\Target\sd_diskio.c
2025-09-17 22:47:31,792 - WARNING - Pattern 'status = osMessageQueueGet\(SDQueueID, \(void \*\)&event, NULL, SD_TIMEOUT\);' not found in FATFS\Target\sd_diskio.c
2025-09-17 22:47:31,792 - INFO - Processing completed
2025-09-17 22:49:52,945 - INFO - current path: D:\Program\STM32\F429\OS
2025-09-17 22:49:52,947 - INFO - Skipping modified file: Gui/generated/setup_scr_screen.c
2025-09-17 22:49:52,947 - INFO - Skipping modified file: Gui/generated/setup_scr_screen_file.c
2025-09-17 22:49:52,947 - INFO - Skipping modified file: Gui/generated/setup_scr_screen_paint.c
2025-09-17 22:49:52,948 - INFO - Skipping modified file: Gui/generated/setup_scr_screen_serial.c
2025-09-17 22:49:52,948 - INFO - Skipping modified file: Gui/generated/gui_guider.c
2025-09-17 22:49:52,948 - WARNING - Pattern '/\*\* Enable the Alarm A\s*\n\s*\*/' not found in Core\Src\rtc.c
2025-09-17 22:49:52,949 - INFO - Skipping modified file: Core\Src\main.c
2025-09-17 22:49:52,949 - WARNING - Pattern 'SDQueueID = osMessageQueueNew\(QUEUE_SIZE, 2, NULL\);' not found in FATFS\Target\sd_diskio.c
2025-09-17 22:49:52,949 - WARNING - Pattern 'status = osMessageQueueGet\(SDQueueID, \(void \*\)&event, NULL, SD_TIMEOUT\);' not found in FATFS\Target\sd_diskio.c
2025-09-17 22:49:52,949 - INFO - Processing completed
2025-11-06 10:14:10,989 - INFO - current path: D:\Program\STM32\F429\OS
2025-11-06 10:14:10,990 - INFO - Skipping modified file: Gui/generated/setup_scr_screen.c
2025-11-06 10:14:10,991 - INFO - Skipping modified file: Gui/generated/setup_scr_screen_file.c
2025-11-06 10:14:10,991 - INFO - Skipping modified file: Gui/generated/setup_scr_screen_paint.c
2025-11-06 10:14:10,991 - INFO - Skipping modified file: Gui/generated/setup_scr_screen_serial.c
2025-11-06 10:14:10,991 - INFO - Skipping modified file: Gui/generated/gui_guider.c
2025-11-06 10:14:10,992 - WARNING - Pattern '/\*\* Enable the Alarm A\s*\n\s*\*/' not found in Core\Src\rtc.c
2025-11-06 10:14:10,993 - INFO - Skipping modified file: Core\Src\main.c
2025-11-06 10:14:10,994 - WARNING - Pattern 'SDQueueID = osMessageQueueNew\(QUEUE_SIZE, 2, NULL\);' not found in FATFS\Target\sd_diskio.c
2025-11-06 10:14:10,994 - WARNING - Pattern 'status = osMessageQueueGet\(SDQueueID, \(void \*\)&event, NULL, SD_TIMEOUT\);' not found in FATFS\Target\sd_diskio.c
2025-11-06 10:14:10,994 - INFO - Processing completed
2025-11-06 10:21:13,724 - INFO - current path: D:\Program\STM32\F429\OS
2025-11-06 10:21:13,726 - INFO - Skipping modified file: Gui/generated/setup_scr_screen.c
2025-11-06 10:21:13,726 - INFO - Skipping modified file: Gui/generated/setup_scr_screen_file.c
2025-11-06 10:21:13,726 - INFO - Skipping modified file: Gui/generated/setup_scr_screen_paint.c
2025-11-06 10:21:13,727 - INFO - Skipping modified file: Gui/generated/setup_scr_screen_serial.c
2025-11-06 10:21:13,727 - INFO - Skipping modified file: Gui/generated/gui_guider.c
2025-11-06 10:21:13,727 - WARNING - Pattern '/\*\* Enable the Alarm A\s*\n\s*\*/' not found in Core\Src\rtc.c
2025-11-06 10:21:13,728 - INFO - Skipping modified file: Core\Src\main.c
2025-11-06 10:21:13,728 - WARNING - Pattern 'SDQueueID = osMessageQueueNew\(QUEUE_SIZE, 2, NULL\);' not found in FATFS\Target\sd_diskio.c
2025-11-06 10:21:13,728 - WARNING - Pattern 'status = osMessageQueueGet\(SDQueueID, \(void \*\)&event, NULL, SD_TIMEOUT\);' not found in FATFS\Target\sd_diskio.c
2025-11-06 10:21:13,728 - INFO - Processing completed
2025-11-06 10:22:51,821 - INFO - current path: D:\Program\STM32\F429\OS
2025-11-06 10:22:51,822 - INFO - Skipping modified file: Gui/generated/setup_scr_screen.c
2025-11-06 10:22:51,822 - INFO - Skipping modified file: Gui/generated/setup_scr_screen_file.c
2025-11-06 10:22:51,823 - INFO - Skipping modified file: Gui/generated/setup_scr_screen_paint.c
2025-11-06 10:22:51,823 - INFO - Skipping modified file: Gui/generated/setup_scr_screen_serial.c
2025-11-06 10:22:51,823 - INFO - Skipping modified file: Gui/generated/gui_guider.c
2025-11-06 10:22:51,824 - WARNING - Pattern '/\*\* Enable the Alarm A\s*\n\s*\*/' not found in Core\Src\rtc.c
2025-11-06 10:22:51,824 - INFO - Skipping modified file: Core\Src\main.c
2025-11-06 10:22:51,825 - WARNING - Pattern 'SDQueueID = osMessageQueueNew\(QUEUE_SIZE, 2, NULL\);' not found in FATFS\Target\sd_diskio.c
2025-11-06 10:22:51,825 - WARNING - Pattern 'status = osMessageQueueGet\(SDQueueID, \(void \*\)&event, NULL, SD_TIMEOUT\);' not found in FATFS\Target\sd_diskio.c
2025-11-06 10:22:51,825 - INFO - Processing completed
2025-11-06 10:24:12,719 - INFO - current path: D:\Program\STM32\F429\OS
2025-11-06 10:24:12,720 - INFO - Skipping modified file: Gui/generated/setup_scr_screen.c
2025-11-06 10:24:12,720 - INFO - Skipping modified file: Gui/generated/setup_scr_screen_file.c
2025-11-06 10:24:12,721 - INFO - Skipping modified file: Gui/generated/setup_scr_screen_paint.c
2025-11-06 10:24:12,722 - INFO - Skipping modified file: Gui/generated/setup_scr_screen_serial.c
2025-11-06 10:24:12,722 - INFO - Skipping modified file: Gui/generated/gui_guider.c
2025-11-06 10:24:12,722 - WARNING - Pattern '/\*\* Enable the Alarm A\s*\n\s*\*/' not found in Core\Src\rtc.c
2025-11-06 10:24:12,723 - INFO - Skipping modified file: Core\Src\main.c
2025-11-06 10:24:12,723 - WARNING - Pattern 'SDQueueID = osMessageQueueNew\(QUEUE_SIZE, 2, NULL\);' not found in FATFS\Target\sd_diskio.c
2025-11-06 10:24:12,723 - WARNING - Pattern 'status = osMessageQueueGet\(SDQueueID, \(void \*\)&event, NULL, SD_TIMEOUT\);' not found in FATFS\Target\sd_diskio.c
2025-11-06 10:24:12,723 - INFO - Processing completed
2025-11-06 10:25:23,579 - INFO - current path: D:\Program\STM32\F429\OS
2025-11-06 10:25:23,580 - INFO - Skipping modified file: Gui/generated/setup_scr_screen.c
2025-11-06 10:25:23,580 - INFO - Skipping modified file: Gui/generated/setup_scr_screen_file.c
2025-11-06 10:25:23,580 - INFO - Skipping modified file: Gui/generated/setup_scr_screen_paint.c
2025-11-06 10:25:23,581 - INFO - Skipping modified file: Gui/generated/setup_scr_screen_serial.c
2025-11-06 10:25:23,581 - INFO - Skipping modified file: Gui/generated/gui_guider.c
2025-11-06 10:25:23,581 - WARNING - Pattern '/\*\* Enable the Alarm A\s*\n\s*\*/' not found in Core\Src\rtc.c
2025-11-06 10:25:23,582 - INFO - Skipping modified file: Core\Src\main.c
2025-11-06 10:25:23,582 - WARNING - Pattern 'SDQueueID = osMessageQueueNew\(QUEUE_SIZE, 2, NULL\);' not found in FATFS\Target\sd_diskio.c
2025-11-06 10:25:23,582 - WARNING - Pattern 'status = osMessageQueueGet\(SDQueueID, \(void \*\)&event, NULL, SD_TIMEOUT\);' not found in FATFS\Target\sd_diskio.c
2025-11-06 10:25:23,582 - INFO - Processing completed
2025-11-06 10:27:02,894 - INFO - current path: D:\Program\STM32\F429\OS
2025-11-06 10:27:02,895 - INFO - Skipping modified file: Gui/generated/setup_scr_screen.c
2025-11-06 10:27:02,896 - INFO - Skipping modified file: Gui/generated/setup_scr_screen_file.c
2025-11-06 10:27:02,896 - INFO - Skipping modified file: Gui/generated/setup_scr_screen_paint.c
2025-11-06 10:27:02,897 - INFO - Skipping modified file: Gui/generated/setup_scr_screen_serial.c
2025-11-06 10:27:02,897 - INFO - Skipping modified file: Gui/generated/gui_guider.c
2025-11-06 10:27:02,897 - WARNING - Pattern '/\*\* Enable the Alarm A\s*\n\s*\*/' not found in Core\Src\rtc.c
2025-11-06 10:27:02,898 - INFO - Skipping modified file: Core\Src\main.c
2025-11-06 10:27:02,898 - WARNING - Pattern 'SDQueueID = osMessageQueueNew\(QUEUE_SIZE, 2, NULL\);' not found in FATFS\Target\sd_diskio.c
2025-11-06 10:27:02,898 - WARNING - Pattern 'status = osMessageQueueGet\(SDQueueID, \(void \*\)&event, NULL, SD_TIMEOUT\);' not found in FATFS\Target\sd_diskio.c
2025-11-06 10:27:02,899 - INFO - Processing completed
2025-11-06 10:29:44,348 - INFO - current path: D:\Program\STM32\F429\OS
2025-11-06 10:29:44,349 - INFO - Skipping modified file: Gui/generated/setup_scr_screen.c
2025-11-06 10:29:44,350 - INFO - Skipping modified file: Gui/generated/setup_scr_screen_file.c
2025-11-06 10:29:44,350 - INFO - Skipping modified file: Gui/generated/setup_scr_screen_paint.c
2025-11-06 10:29:44,351 - INFO - Skipping modified file: Gui/generated/setup_scr_screen_serial.c
2025-11-06 10:29:44,351 - INFO - Skipping modified file: Gui/generated/gui_guider.c
2025-11-06 10:29:44,351 - WARNING - Pattern '/\*\* Enable the Alarm A\s*\n\s*\*/' not found in Core\Src\rtc.c
2025-11-06 10:29:44,352 - INFO - Skipping modified file: Core\Src\main.c
2025-11-06 10:29:44,352 - WARNING - Pattern 'SDQueueID = osMessageQueueNew\(QUEUE_SIZE, 2, NULL\);' not found in FATFS\Target\sd_diskio.c
2025-11-06 10:29:44,352 - WARNING - Pattern 'status = osMessageQueueGet\(SDQueueID, \(void \*\)&event, NULL, SD_TIMEOUT\);' not found in FATFS\Target\sd_diskio.c
2025-11-06 10:29:44,352 - INFO - Processing completed
2025-11-06 10:39:29,175 - INFO - current path: D:\Program\STM32\F429\OS
2025-11-06 10:39:29,176 - INFO - Skipping modified file: Gui/generated/setup_scr_screen.c
2025-11-06 10:39:29,176 - INFO - Skipping modified file: Gui/generated/setup_scr_screen_file.c
2025-11-06 10:39:29,176 - INFO - Skipping modified file: Gui/generated/setup_scr_screen_paint.c
2025-11-06 10:39:29,177 - INFO - Skipping modified file: Gui/generated/setup_scr_screen_serial.c
2025-11-06 10:39:29,177 - INFO - Skipping modified file: Gui/generated/gui_guider.c
2025-11-06 10:39:29,177 - WARNING - Pattern '/\*\* Enable the Alarm A\s*\n\s*\*/' not found in Core\Src\rtc.c
2025-11-06 10:39:29,178 - INFO - Skipping modified file: Core\Src\main.c
2025-11-06 10:39:29,178 - WARNING - Pattern 'SDQueueID = osMessageQueueNew\(QUEUE_SIZE, 2, NULL\);' not found in FATFS\Target\sd_diskio.c
2025-11-06 10:39:29,178 - WARNING - Pattern 'status = osMessageQueueGet\(SDQueueID, \(void \*\)&event, NULL, SD_TIMEOUT\);' not found in FATFS\Target\sd_diskio.c
2025-11-06 10:39:29,179 - INFO - Processing completed
2025-11-06 10:43:07,528 - INFO - current path: D:\Program\STM32\F429\OS
2025-11-06 10:43:07,529 - INFO - Skipping modified file: Gui/generated/setup_scr_screen.c
2025-11-06 10:43:07,529 - INFO - Skipping modified file: Gui/generated/setup_scr_screen_file.c
2025-11-06 10:43:07,530 - INFO - Skipping modified file: Gui/generated/setup_scr_screen_paint.c
2025-11-06 10:43:07,530 - INFO - Skipping modified file: Gui/generated/setup_scr_screen_serial.c
2025-11-06 10:43:07,531 - INFO - Skipping modified file: Gui/generated/gui_guider.c
2025-11-06 10:43:07,531 - WARNING - Pattern '/\*\* Enable the Alarm A\s*\n\s*\*/' not found in Core\Src\rtc.c
2025-11-06 10:43:07,531 - INFO - Skipping modified file: Core\Src\main.c
2025-11-06 10:43:07,532 - WARNING - Pattern 'SDQueueID = osMessageQueueNew\(QUEUE_SIZE, 2, NULL\);' not found in FATFS\Target\sd_diskio.c
2025-11-06 10:43:07,532 - WARNING - Pattern 'status = osMessageQueueGet\(SDQueueID, \(void \*\)&event, NULL, SD_TIMEOUT\);' not found in FATFS\Target\sd_diskio.c
2025-11-06 10:43:07,532 - INFO - Processing completed
2025-11-06 10:43:46,412 - INFO - current path: D:\Program\STM32\F429\OS
2025-11-06 10:43:46,413 - INFO - Skipping modified file: Gui/generated/setup_scr_screen.c
2025-11-06 10:43:46,413 - INFO - Skipping modified file: Gui/generated/setup_scr_screen_file.c
2025-11-06 10:43:46,414 - INFO - Skipping modified file: Gui/generated/setup_scr_screen_paint.c
2025-11-06 10:43:46,414 - INFO - Skipping modified file: Gui/generated/setup_scr_screen_serial.c
2025-11-06 10:43:46,414 - INFO - Skipping modified file: Gui/generated/gui_guider.c
2025-11-06 10:43:46,415 - WARNING - Pattern '/\*\* Enable the Alarm A\s*\n\s*\*/' not found in Core\Src\rtc.c
2025-11-06 10:43:46,415 - INFO - Skipping modified file: Core\Src\main.c
2025-11-06 10:43:46,415 - WARNING - Pattern 'SDQueueID = osMessageQueueNew\(QUEUE_SIZE, 2, NULL\);' not found in FATFS\Target\sd_diskio.c
2025-11-06 10:43:46,416 - WARNING - Pattern 'status = osMessageQueueGet\(SDQueueID, \(void \*\)&event, NULL, SD_TIMEOUT\);' not found in FATFS\Target\sd_diskio.c
2025-11-06 10:43:46,416 - INFO - Processing completed
2025-11-06 11:22:58,957 - INFO - current path: D:\Program\STM32\F429\OS
2025-11-06 11:22:58,958 - INFO - Skipping modified file: Gui/generated/setup_scr_screen.c
2025-11-06 11:22:58,959 - INFO - Skipping modified file: Gui/generated/setup_scr_screen_file.c
2025-11-06 11:22:58,959 - INFO - Skipping modified file: Gui/generated/setup_scr_screen_paint.c
2025-11-06 11:22:58,959 - INFO - Skipping modified file: Gui/generated/setup_scr_screen_serial.c
2025-11-06 11:22:58,960 - INFO - Skipping modified file: Gui/generated/gui_guider.c
2025-11-06 11:22:58,960 - WARNING - Pattern '/\*\* Enable the Alarm A\s*\n\s*\*/' not found in Core\Src\rtc.c
2025-11-06 11:22:58,960 - INFO - Skipping modified file: Core\Src\main.c
2025-11-06 11:22:58,961 - WARNING - Pattern 'SDQueueID = osMessageQueueNew\(QUEUE_SIZE, 2, NULL\);' not found in FATFS\Target\sd_diskio.c
2025-11-06 11:22:58,961 - WARNING - Pattern 'status = osMessageQueueGet\(SDQueueID, \(void \*\)&event, NULL, SD_TIMEOUT\);' not found in FATFS\Target\sd_diskio.c
2025-11-06 11:22:58,961 - INFO - Processing completed
2025-11-06 11:23:32,067 - INFO - current path: D:\Program\STM32\F429\OS
2025-11-06 11:23:32,068 - INFO - Skipping modified file: Gui/generated/setup_scr_screen.c
2025-11-06 11:23:32,068 - INFO - Skipping modified file: Gui/generated/setup_scr_screen_file.c
2025-11-06 11:23:32,069 - INFO - Skipping modified file: Gui/generated/setup_scr_screen_paint.c
2025-11-06 11:23:32,069 - INFO - Skipping modified file: Gui/generated/setup_scr_screen_serial.c
2025-11-06 11:23:32,069 - INFO - Skipping modified file: Gui/generated/gui_guider.c
2025-11-06 11:23:32,070 - WARNING - Pattern '/\*\* Enable the Alarm A\s*\n\s*\*/' not found in Core\Src\rtc.c
2025-11-06 11:23:32,070 - INFO - Skipping modified file: Core\Src\main.c
2025-11-06 11:23:32,070 - WARNING - Pattern 'SDQueueID = osMessageQueueNew\(QUEUE_SIZE, 2, NULL\);' not found in FATFS\Target\sd_diskio.c
2025-11-06 11:23:32,071 - WARNING - Pattern 'status = osMessageQueueGet\(SDQueueID, \(void \*\)&event, NULL, SD_TIMEOUT\);' not found in FATFS\Target\sd_diskio.c
2025-11-06 11:23:32,071 - INFO - Processing completed
2025-11-06 11:24:05,980 - INFO - current path: D:\Program\STM32\F429\OS
2025-11-06 11:24:05,981 - INFO - Skipping modified file: Gui/generated/setup_scr_screen.c
2025-11-06 11:24:05,981 - INFO - Skipping modified file: Gui/generated/setup_scr_screen_file.c
2025-11-06 11:24:05,981 - INFO - Skipping modified file: Gui/generated/setup_scr_screen_paint.c
2025-11-06 11:24:05,982 - INFO - Skipping modified file: Gui/generated/setup_scr_screen_serial.c
2025-11-06 11:24:05,982 - INFO - Skipping modified file: Gui/generated/gui_guider.c
2025-11-06 11:24:05,983 - WARNING - Pattern '/\*\* Enable the Alarm A\s*\n\s*\*/' not found in Core\Src\rtc.c
2025-11-06 11:24:05,983 - INFO - Skipping modified file: Core\Src\main.c
2025-11-06 11:24:05,984 - WARNING - Pattern 'SDQueueID = osMessageQueueNew\(QUEUE_SIZE, 2, NULL\);' not found in FATFS\Target\sd_diskio.c
2025-11-06 11:24:05,984 - WARNING - Pattern 'status = osMessageQueueGet\(SDQueueID, \(void \*\)&event, NULL, SD_TIMEOUT\);' not found in FATFS\Target\sd_diskio.c
2025-11-06 11:24:05,984 - INFO - Processing completed
2025-11-06 11:24:50,624 - INFO - current path: D:\Program\STM32\F429\OS
2025-11-06 11:24:50,626 - INFO - Skipping modified file: Gui/generated/setup_scr_screen.c
2025-11-06 11:24:50,626 - INFO - Skipping modified file: Gui/generated/setup_scr_screen_file.c
2025-11-06 11:24:50,627 - INFO - Skipping modified file: Gui/generated/setup_scr_screen_paint.c
2025-11-06 11:24:50,627 - INFO - Skipping modified file: Gui/generated/setup_scr_screen_serial.c
2025-11-06 11:24:50,627 - INFO - Skipping modified file: Gui/generated/gui_guider.c
2025-11-06 11:24:50,628 - WARNING - Pattern '/\*\* Enable the Alarm A\s*\n\s*\*/' not found in Core\Src\rtc.c
2025-11-06 11:24:50,628 - INFO - Skipping modified file: Core\Src\main.c
2025-11-06 11:24:50,628 - WARNING - Pattern 'SDQueueID = osMessageQueueNew\(QUEUE_SIZE, 2, NULL\);' not found in FATFS\Target\sd_diskio.c
2025-11-06 11:24:50,629 - WARNING - Pattern 'status = osMessageQueueGet\(SDQueueID, \(void \*\)&event, NULL, SD_TIMEOUT\);' not found in FATFS\Target\sd_diskio.c
2025-11-06 11:24:50,629 - INFO - Processing completed
2025-11-06 11:32:00,883 - INFO - current path: D:\Program\STM32\F429\OS
2025-11-06 11:32:00,885 - INFO - Skipping modified file: Gui/generated/setup_scr_screen.c
2025-11-06 11:32:00,885 - INFO - Skipping modified file: Gui/generated/setup_scr_screen_file.c
2025-11-06 11:32:00,885 - INFO - Skipping modified file: Gui/generated/setup_scr_screen_paint.c
2025-11-06 11:32:00,886 - INFO - Skipping modified file: Gui/generated/setup_scr_screen_serial.c
2025-11-06 11:32:00,886 - INFO - Skipping modified file: Gui/generated/gui_guider.c
2025-11-06 11:32:00,887 - WARNING - Pattern '/\*\* Enable the Alarm A\s*\n\s*\*/' not found in Core\Src\rtc.c
2025-11-06 11:32:00,887 - INFO - Skipping modified file: Core\Src\main.c
2025-11-06 11:32:00,887 - WARNING - Pattern 'SDQueueID = osMessageQueueNew\(QUEUE_SIZE, 2, NULL\);' not found in FATFS\Target\sd_diskio.c
2025-11-06 11:32:00,888 - WARNING - Pattern 'status = osMessageQueueGet\(SDQueueID, \(void \*\)&event, NULL, SD_TIMEOUT\);' not found in FATFS\Target\sd_diskio.c
2025-11-06 11:32:00,888 - INFO - Processing completed
2025-11-06 11:32:50,447 - INFO - current path: D:\Program\STM32\F429\OS
2025-11-06 11:32:50,449 - INFO - Skipping modified file: Gui/generated/setup_scr_screen.c
2025-11-06 11:32:50,449 - INFO - Skipping modified file: Gui/generated/setup_scr_screen_file.c
2025-11-06 11:32:50,449 - INFO - Skipping modified file: Gui/generated/setup_scr_screen_paint.c
2025-11-06 11:32:50,450 - INFO - Skipping modified file: Gui/generated/setup_scr_screen_serial.c
2025-11-06 11:32:50,450 - INFO - Skipping modified file: Gui/generated/gui_guider.c
2025-11-06 11:32:50,450 - WARNING - Pattern '/\*\* Enable the Alarm A\s*\n\s*\*/' not found in Core\Src\rtc.c
2025-11-06 11:32:50,451 - INFO - Skipping modified file: Core\Src\main.c
2025-11-06 11:32:50,451 - WARNING - Pattern 'SDQueueID = osMessageQueueNew\(QUEUE_SIZE, 2, NULL\);' not found in FATFS\Target\sd_diskio.c
2025-11-06 11:32:50,452 - WARNING - Pattern 'status = osMessageQueueGet\(SDQueueID, \(void \*\)&event, NULL, SD_TIMEOUT\);' not found in FATFS\Target\sd_diskio.c
2025-11-06 11:32:50,452 - INFO - Processing completed
2025-11-06 11:34:39,573 - INFO - current path: D:\Program\STM32\F429\OS
2025-11-06 11:34:39,574 - INFO - Skipping modified file: Gui/generated/setup_scr_screen.c
2025-11-06 11:34:39,574 - INFO - Skipping modified file: Gui/generated/setup_scr_screen_file.c
2025-11-06 11:34:39,575 - INFO - Skipping modified file: Gui/generated/setup_scr_screen_paint.c
2025-11-06 11:34:39,575 - INFO - Skipping modified file: Gui/generated/setup_scr_screen_serial.c
2025-11-06 11:34:39,576 - INFO - Skipping modified file: Gui/generated/gui_guider.c
2025-11-06 11:34:39,576 - WARNING - Pattern '/\*\* Enable the Alarm A\s*\n\s*\*/' not found in Core\Src\rtc.c
2025-11-06 11:34:39,577 - INFO - Skipping modified file: Core\Src\main.c
2025-11-06 11:34:39,577 - WARNING - Pattern 'SDQueueID = osMessageQueueNew\(QUEUE_SIZE, 2, NULL\);' not found in FATFS\Target\sd_diskio.c
2025-11-06 11:34:39,577 - WARNING - Pattern 'status = osMessageQueueGet\(SDQueueID, \(void \*\)&event, NULL, SD_TIMEOUT\);' not found in FATFS\Target\sd_diskio.c
2025-11-06 11:34:39,577 - INFO - Processing completed
2025-11-06 11:35:40,267 - INFO - current path: D:\Program\STM32\F429\OS
2025-11-06 11:35:40,268 - INFO - Skipping modified file: Gui/generated/setup_scr_screen.c
2025-11-06 11:35:40,268 - INFO - Skipping modified file: Gui/generated/setup_scr_screen_file.c
2025-11-06 11:35:40,269 - INFO - Skipping modified file: Gui/generated/setup_scr_screen_paint.c
2025-11-06 11:35:40,269 - INFO - Skipping modified file: Gui/generated/setup_scr_screen_serial.c
2025-11-06 11:35:40,269 - INFO - Skipping modified file: Gui/generated/gui_guider.c
2025-11-06 11:35:40,270 - WARNING - Pattern '/\*\* Enable the Alarm A\s*\n\s*\*/' not found in Core\Src\rtc.c
2025-11-06 11:35:40,270 - INFO - Skipping modified file: Core\Src\main.c
2025-11-06 11:35:40,270 - WARNING - Pattern 'SDQueueID = osMessageQueueNew\(QUEUE_SIZE, 2, NULL\);' not found in FATFS\Target\sd_diskio.c
2025-11-06 11:35:40,271 - WARNING - Pattern 'status = osMessageQueueGet\(SDQueueID, \(void \*\)&event, NULL, SD_TIMEOUT\);' not found in FATFS\Target\sd_diskio.c
2025-11-06 11:35:40,271 - INFO - Processing completed
2025-11-06 11:39:23,539 - INFO - current path: D:\Program\STM32\F429\OS
2025-11-06 11:39:23,540 - INFO - Skipping modified file: Gui/generated/setup_scr_screen.c
2025-11-06 11:39:23,541 - INFO - Skipping modified file: Gui/generated/setup_scr_screen_file.c
2025-11-06 11:39:23,541 - INFO - Skipping modified file: Gui/generated/setup_scr_screen_paint.c
2025-11-06 11:39:23,541 - INFO - Skipping modified file: Gui/generated/setup_scr_screen_serial.c
2025-11-06 11:39:23,542 - INFO - Skipping modified file: Gui/generated/gui_guider.c
2025-11-06 11:39:23,542 - WARNING - Pattern '/\*\* Enable the Alarm A\s*\n\s*\*/' not found in Core\Src\rtc.c
2025-11-06 11:39:23,542 - INFO - Skipping modified file: Core\Src\main.c
2025-11-06 11:39:23,543 - WARNING - Pattern 'SDQueueID = osMessageQueueNew\(QUEUE_SIZE, 2, NULL\);' not found in FATFS\Target\sd_diskio.c
2025-11-06 11:39:23,543 - WARNING - Pattern 'status = osMessageQueueGet\(SDQueueID, \(void \*\)&event, NULL, SD_TIMEOUT\);' not found in FATFS\Target\sd_diskio.c
2025-11-06 11:39:23,543 - INFO - Processing completed
2025-11-06 15:01:09,337 - INFO - current path: D:\Program\STM32\F429\OS
2025-11-06 15:01:09,338 - INFO - Skipping modified file: Gui/generated/setup_scr_screen.c
2025-11-06 15:01:09,338 - INFO - Skipping modified file: Gui/generated/setup_scr_screen_file.c
2025-11-06 15:01:09,339 - INFO - Skipping modified file: Gui/generated/setup_scr_screen_paint.c
2025-11-06 15:01:09,340 - INFO - Skipping modified file: Gui/generated/setup_scr_screen_serial.c
2025-11-06 15:01:09,340 - INFO - Skipping modified file: Gui/generated/gui_guider.c
2025-11-06 15:01:09,340 - WARNING - Pattern '/\*\* Enable the Alarm A\s*\n\s*\*/' not found in Core\Src\rtc.c
2025-11-06 15:01:09,341 - INFO - Skipping modified file: Core\Src\main.c
2025-11-06 15:01:09,341 - WARNING - Pattern 'SDQueueID = osMessageQueueNew\(QUEUE_SIZE, 2, NULL\);' not found in FATFS\Target\sd_diskio.c
2025-11-06 15:01:09,342 - WARNING - Pattern 'status = osMessageQueueGet\(SDQueueID, \(void \*\)&event, NULL, SD_TIMEOUT\);' not found in FATFS\Target\sd_diskio.c
2025-11-06 15:01:09,342 - INFO - Processing completed
2025-11-06 15:01:25,350 - INFO - current path: D:\Program\STM32\F429\OS
2025-11-06 15:01:25,351 - INFO - Skipping modified file: Gui/generated/setup_scr_screen.c
2025-11-06 15:01:25,352 - INFO - Skipping modified file: Gui/generated/setup_scr_screen_file.c
2025-11-06 15:01:25,352 - INFO - Skipping modified file: Gui/generated/setup_scr_screen_paint.c
2025-11-06 15:01:25,352 - INFO - Skipping modified file: Gui/generated/setup_scr_screen_serial.c
2025-11-06 15:01:25,353 - INFO - Skipping modified file: Gui/generated/gui_guider.c
2025-11-06 15:01:25,353 - WARNING - Pattern '/\*\* Enable the Alarm A\s*\n\s*\*/' not found in Core\Src\rtc.c
2025-11-06 15:01:25,353 - INFO - Skipping modified file: Core\Src\main.c
2025-11-06 15:01:25,354 - WARNING - Pattern 'SDQueueID = osMessageQueueNew\(QUEUE_SIZE, 2, NULL\);' not found in FATFS\Target\sd_diskio.c
2025-11-06 15:01:25,354 - WARNING - Pattern 'status = osMessageQueueGet\(SDQueueID, \(void \*\)&event, NULL, SD_TIMEOUT\);' not found in FATFS\Target\sd_diskio.c
2025-11-06 15:01:25,354 - INFO - Processing completed
2025-11-06 15:05:27,755 - INFO - current path: D:\Program\STM32\F429\OS
2025-11-06 15:05:27,756 - INFO - Skipping modified file: Gui/generated/setup_scr_screen.c
2025-11-06 15:05:27,757 - INFO - Skipping modified file: Gui/generated/setup_scr_screen_file.c
2025-11-06 15:05:27,757 - INFO - Skipping modified file: Gui/generated/setup_scr_screen_paint.c
2025-11-06 15:05:27,757 - INFO - Skipping modified file: Gui/generated/setup_scr_screen_serial.c
2025-11-06 15:05:27,758 - INFO - Skipping modified file: Gui/generated/gui_guider.c
2025-11-06 15:05:27,758 - WARNING - Pattern '/\*\* Enable the Alarm A\s*\n\s*\*/' not found in Core\Src\rtc.c
2025-11-06 15:05:27,758 - INFO - Skipping modified file: Core\Src\main.c
2025-11-06 15:05:27,759 - WARNING - Pattern 'SDQueueID = osMessageQueueNew\(QUEUE_SIZE, 2, NULL\);' not found in FATFS\Target\sd_diskio.c
2025-11-06 15:05:27,759 - WARNING - Pattern 'status = osMessageQueueGet\(SDQueueID, \(void \*\)&event, NULL, SD_TIMEOUT\);' not found in FATFS\Target\sd_diskio.c
2025-11-06 15:05:27,759 - INFO - Processing completed
2025-11-06 15:06:33,207 - INFO - current path: D:\Program\STM32\F429\OS
2025-11-06 15:06:33,208 - INFO - Skipping modified file: Gui/generated/setup_scr_screen.c
2025-11-06 15:06:33,208 - INFO - Skipping modified file: Gui/generated/setup_scr_screen_file.c
2025-11-06 15:06:33,209 - INFO - Skipping modified file: Gui/generated/setup_scr_screen_paint.c
2025-11-06 15:06:33,210 - INFO - Skipping modified file: Gui/generated/setup_scr_screen_serial.c
2025-11-06 15:06:33,210 - INFO - Skipping modified file: Gui/generated/gui_guider.c
2025-11-06 15:06:33,210 - WARNING - Pattern '/\*\* Enable the Alarm A\s*\n\s*\*/' not found in Core\Src\rtc.c
2025-11-06 15:06:33,211 - INFO - Skipping modified file: Core\Src\main.c
2025-11-06 15:06:33,211 - WARNING - Pattern 'SDQueueID = osMessageQueueNew\(QUEUE_SIZE, 2, NULL\);' not found in FATFS\Target\sd_diskio.c
2025-11-06 15:06:33,211 - WARNING - Pattern 'status = osMessageQueueGet\(SDQueueID, \(void \*\)&event, NULL, SD_TIMEOUT\);' not found in FATFS\Target\sd_diskio.c
2025-11-06 15:06:33,211 - INFO - Processing completed
2025-11-06 15:07:51,779 - INFO - current path: D:\Program\STM32\F429\OS
2025-11-06 15:07:51,780 - INFO - Skipping modified file: Gui/generated/setup_scr_screen.c
2025-11-06 15:07:51,781 - INFO - Skipping modified file: Gui/generated/setup_scr_screen_file.c
2025-11-06 15:07:51,781 - INFO - Skipping modified file: Gui/generated/setup_scr_screen_paint.c
2025-11-06 15:07:51,781 - INFO - Skipping modified file: Gui/generated/setup_scr_screen_serial.c
2025-11-06 15:07:51,781 - INFO - Skipping modified file: Gui/generated/gui_guider.c
2025-11-06 15:07:51,782 - WARNING - Pattern '/\*\* Enable the Alarm A\s*\n\s*\*/' not found in Core\Src\rtc.c
2025-11-06 15:07:51,782 - INFO - Skipping modified file: Core\Src\main.c
2025-11-06 15:07:51,783 - WARNING - Pattern 'SDQueueID = osMessageQueueNew\(QUEUE_SIZE, 2, NULL\);' not found in FATFS\Target\sd_diskio.c
2025-11-06 15:07:51,783 - WARNING - Pattern 'status = osMessageQueueGet\(SDQueueID, \(void \*\)&event, NULL, SD_TIMEOUT\);' not found in FATFS\Target\sd_diskio.c
2025-11-06 15:07:51,783 - INFO - Processing completed
2025-11-06 15:08:33,775 - INFO - current path: D:\Program\STM32\F429\OS
2025-11-06 15:08:33,776 - INFO - Skipping modified file: Gui/generated/setup_scr_screen.c
2025-11-06 15:08:33,777 - INFO - Skipping modified file: Gui/generated/setup_scr_screen_file.c
2025-11-06 15:08:33,777 - INFO - Skipping modified file: Gui/generated/setup_scr_screen_paint.c
2025-11-06 15:08:33,777 - INFO - Skipping modified file: Gui/generated/setup_scr_screen_serial.c
2025-11-06 15:08:33,777 - INFO - Skipping modified file: Gui/generated/gui_guider.c
2025-11-06 15:08:33,778 - WARNING - Pattern '/\*\* Enable the Alarm A\s*\n\s*\*/' not found in Core\Src\rtc.c
2025-11-06 15:08:33,778 - INFO - Skipping modified file: Core\Src\main.c
2025-11-06 15:08:33,779 - WARNING - Pattern 'SDQueueID = osMessageQueueNew\(QUEUE_SIZE, 2, NULL\);' not found in FATFS\Target\sd_diskio.c
2025-11-06 15:08:33,779 - WARNING - Pattern 'status = osMessageQueueGet\(SDQueueID, \(void \*\)&event, NULL, SD_TIMEOUT\);' not found in FATFS\Target\sd_diskio.c
2025-11-06 15:08:33,779 - INFO - Processing completed
2025-11-06 15:13:48,958 - INFO - current path: D:\Program\STM32\F429\OS
2025-11-06 15:13:48,960 - INFO - Skipping modified file: Gui/generated/setup_scr_screen.c
2025-11-06 15:13:48,961 - INFO - Skipping modified file: Gui/generated/setup_scr_screen_file.c
2025-11-06 15:13:48,961 - INFO - Skipping modified file: Gui/generated/setup_scr_screen_paint.c
2025-11-06 15:13:48,962 - INFO - Skipping modified file: Gui/generated/setup_scr_screen_serial.c
2025-11-06 15:13:48,962 - INFO - Skipping modified file: Gui/generated/gui_guider.c
2025-11-06 15:13:48,962 - WARNING - Pattern '/\*\* Enable the Alarm A\s*\n\s*\*/' not found in Core\Src\rtc.c
2025-11-06 15:13:48,963 - INFO - Skipping modified file: Core\Src\main.c
2025-11-06 15:13:48,963 - WARNING - Pattern 'SDQueueID = osMessageQueueNew\(QUEUE_SIZE, 2, NULL\);' not found in FATFS\Target\sd_diskio.c
2025-11-06 15:13:48,964 - WARNING - Pattern 'status = osMessageQueueGet\(SDQueueID, \(void \*\)&event, NULL, SD_TIMEOUT\);' not found in FATFS\Target\sd_diskio.c
2025-11-06 15:13:48,964 - INFO - Processing completed
2025-11-06 15:14:08,014 - INFO - current path: D:\Program\STM32\F429\OS
2025-11-06 15:14:08,015 - INFO - Skipping modified file: Gui/generated/setup_scr_screen.c
2025-11-06 15:14:08,016 - INFO - Skipping modified file: Gui/generated/setup_scr_screen_file.c
2025-11-06 15:14:08,016 - INFO - Skipping modified file: Gui/generated/setup_scr_screen_paint.c
2025-11-06 15:14:08,016 - INFO - Skipping modified file: Gui/generated/setup_scr_screen_serial.c
2025-11-06 15:14:08,016 - INFO - Skipping modified file: Gui/generated/gui_guider.c
2025-11-06 15:14:08,017 - WARNING - Pattern '/\*\* Enable the Alarm A\s*\n\s*\*/' not found in Core\Src\rtc.c
2025-11-06 15:14:08,017 - INFO - Skipping modified file: Core\Src\main.c
2025-11-06 15:14:08,018 - WARNING - Pattern 'SDQueueID = osMessageQueueNew\(QUEUE_SIZE, 2, NULL\);' not found in FATFS\Target\sd_diskio.c
2025-11-06 15:14:08,018 - WARNING - Pattern 'status = osMessageQueueGet\(SDQueueID, \(void \*\)&event, NULL, SD_TIMEOUT\);' not found in FATFS\Target\sd_diskio.c
2025-11-06 15:14:08,019 - INFO - Processing completed
2025-11-06 15:14:23,391 - INFO - current path: D:\Program\STM32\F429\OS
2025-11-06 15:14:23,392 - INFO - Skipping modified file: Gui/generated/setup_scr_screen.c
2025-11-06 15:14:23,392 - INFO - Skipping modified file: Gui/generated/setup_scr_screen_file.c
2025-11-06 15:14:23,393 - INFO - Skipping modified file: Gui/generated/setup_scr_screen_paint.c
2025-11-06 15:14:23,393 - INFO - Skipping modified file: Gui/generated/setup_scr_screen_serial.c
2025-11-06 15:14:23,394 - INFO - Skipping modified file: Gui/generated/gui_guider.c
2025-11-06 15:14:23,394 - WARNING - Pattern '/\*\* Enable the Alarm A\s*\n\s*\*/' not found in Core\Src\rtc.c
2025-11-06 15:14:23,394 - INFO - Skipping modified file: Core\Src\main.c
2025-11-06 15:14:23,395 - WARNING - Pattern 'SDQueueID = osMessageQueueNew\(QUEUE_SIZE, 2, NULL\);' not found in FATFS\Target\sd_diskio.c
2025-11-06 15:14:23,395 - WARNING - Pattern 'status = osMessageQueueGet\(SDQueueID, \(void \*\)&event, NULL, SD_TIMEOUT\);' not found in FATFS\Target\sd_diskio.c
2025-11-06 15:14:23,396 - INFO - Processing completed
2025-11-06 15:14:37,577 - INFO - current path: D:\Program\STM32\F429\OS
2025-11-06 15:14:37,579 - INFO - Skipping modified file: Gui/generated/setup_scr_screen.c
2025-11-06 15:14:37,579 - INFO - Skipping modified file: Gui/generated/setup_scr_screen_file.c
2025-11-06 15:14:37,579 - INFO - Skipping modified file: Gui/generated/setup_scr_screen_paint.c
2025-11-06 15:14:37,580 - INFO - Skipping modified file: Gui/generated/setup_scr_screen_serial.c
2025-11-06 15:14:37,580 - INFO - Skipping modified file: Gui/generated/gui_guider.c
2025-11-06 15:14:37,580 - WARNING - Pattern '/\*\* Enable the Alarm A\s*\n\s*\*/' not found in Core\Src\rtc.c
2025-11-06 15:14:37,581 - INFO - Skipping modified file: Core\Src\main.c
2025-11-06 15:14:37,581 - WARNING - Pattern 'SDQueueID = osMessageQueueNew\(QUEUE_SIZE, 2, NULL\);' not found in FATFS\Target\sd_diskio.c
2025-11-06 15:14:37,581 - WARNING - Pattern 'status = osMessageQueueGet\(SDQueueID, \(void \*\)&event, NULL, SD_TIMEOUT\);' not found in FATFS\Target\sd_diskio.c
2025-11-06 15:14:37,581 - INFO - Processing completed
2025-11-06 17:45:44,720 - INFO - current path: D:\Program\STM32\F429\OS
2025-11-06 17:45:44,721 - INFO - Skipping modified file: Gui/generated/setup_scr_screen.c
2025-11-06 17:45:44,722 - INFO - Skipping modified file: Gui/generated/setup_scr_screen_file.c
2025-11-06 17:45:44,722 - INFO - Skipping modified file: Gui/generated/setup_scr_screen_paint.c
2025-11-06 17:45:44,722 - INFO - Skipping modified file: Gui/generated/setup_scr_screen_serial.c
2025-11-06 17:45:44,723 - INFO - Skipping modified file: Gui/generated/gui_guider.c
2025-11-06 17:45:44,723 - WARNING - Pattern '/\*\* Enable the Alarm A\s*\n\s*\*/' not found in Core\Src\rtc.c
2025-11-06 17:45:44,723 - INFO - Skipping modified file: Core\Src\main.c
2025-11-06 17:45:44,724 - WARNING - Pattern 'SDQueueID = osMessageQueueNew\(QUEUE_SIZE, 2, NULL\);' not found in FATFS\Target\sd_diskio.c
2025-11-06 17:45:44,724 - WARNING - Pattern 'status = osMessageQueueGet\(SDQueueID, \(void \*\)&event, NULL, SD_TIMEOUT\);' not found in FATFS\Target\sd_diskio.c
2025-11-06 17:45:44,724 - INFO - Processing completed
2025-11-06 17:46:07,382 - INFO - current path: D:\Program\STM32\F429\OS
2025-11-06 17:46:07,383 - INFO - Skipping modified file: Gui/generated/setup_scr_screen.c
2025-11-06 17:46:07,384 - INFO - Skipping modified file: Gui/generated/setup_scr_screen_file.c
2025-11-06 17:46:07,384 - INFO - Skipping modified file: Gui/generated/setup_scr_screen_paint.c
2025-11-06 17:46:07,385 - INFO - Skipping modified file: Gui/generated/setup_scr_screen_serial.c
2025-11-06 17:46:07,385 - INFO - Skipping modified file: Gui/generated/gui_guider.c
2025-11-06 17:46:07,386 - WARNING - Pattern '/\*\* Enable the Alarm A\s*\n\s*\*/' not found in Core\Src\rtc.c
2025-11-06 17:46:07,386 - INFO - Skipping modified file: Core\Src\main.c
2025-11-06 17:46:07,386 - WARNING - Pattern 'SDQueueID = osMessageQueueNew\(QUEUE_SIZE, 2, NULL\);' not found in FATFS\Target\sd_diskio.c
2025-11-06 17:46:07,387 - WARNING - Pattern 'status = osMessageQueueGet\(SDQueueID, \(void \*\)&event, NULL, SD_TIMEOUT\);' not found in FATFS\Target\sd_diskio.c
2025-11-06 17:46:07,387 - INFO - Processing completed
2025-11-06 17:48:19,790 - INFO - current path: D:\Program\STM32\F429\OS
2025-11-06 17:48:19,791 - INFO - Skipping modified file: Gui/generated/setup_scr_screen.c
2025-11-06 17:48:19,791 - INFO - Skipping modified file: Gui/generated/setup_scr_screen_file.c
2025-11-06 17:48:19,791 - INFO - Skipping modified file: Gui/generated/setup_scr_screen_paint.c
2025-11-06 17:48:19,792 - INFO - Skipping modified file: Gui/generated/setup_scr_screen_serial.c
2025-11-06 17:48:19,792 - INFO - Skipping modified file: Gui/generated/gui_guider.c
2025-11-06 17:48:19,792 - WARNING - Pattern '/\*\* Enable the Alarm A\s*\n\s*\*/' not found in Core\Src\rtc.c
2025-11-06 17:48:19,793 - INFO - Skipping modified file: Core\Src\main.c
2025-11-06 17:48:19,793 - WARNING - Pattern 'SDQueueID = osMessageQueueNew\(QUEUE_SIZE, 2, NULL\);' not found in FATFS\Target\sd_diskio.c
2025-11-06 17:48:19,793 - WARNING - Pattern 'status = osMessageQueueGet\(SDQueueID, \(void \*\)&event, NULL, SD_TIMEOUT\);' not found in FATFS\Target\sd_diskio.c
2025-11-06 17:48:19,793 - INFO - Processing completed
2025-11-06 17:49:16,323 - INFO - current path: D:\Program\STM32\F429\OS
2025-11-06 17:49:16,324 - INFO - Skipping modified file: Gui/generated/setup_scr_screen.c
2025-11-06 17:49:16,325 - INFO - Skipping modified file: Gui/generated/setup_scr_screen_file.c
2025-11-06 17:49:16,325 - INFO - Skipping modified file: Gui/generated/setup_scr_screen_paint.c
2025-11-06 17:49:16,325 - INFO - Skipping modified file: Gui/generated/setup_scr_screen_serial.c
2025-11-06 17:49:16,326 - INFO - Skipping modified file: Gui/generated/gui_guider.c
2025-11-06 17:49:16,326 - WARNING - Pattern '/\*\* Enable the Alarm A\s*\n\s*\*/' not found in Core\Src\rtc.c
2025-11-06 17:49:16,327 - INFO - Skipping modified file: Core\Src\main.c
2025-11-06 17:49:16,327 - WARNING - Pattern 'SDQueueID = osMessageQueueNew\(QUEUE_SIZE, 2, NULL\);' not found in FATFS\Target\sd_diskio.c
2025-11-06 17:49:16,327 - WARNING - Pattern 'status = osMessageQueueGet\(SDQueueID, \(void \*\)&event, NULL, SD_TIMEOUT\);' not found in FATFS\Target\sd_diskio.c
2025-11-06 17:49:16,327 - INFO - Processing completed
2025-11-06 18:00:16,919 - INFO - current path: D:\Program\STM32\F429\OS
2025-11-06 18:00:16,921 - INFO - Skipping modified file: Gui/generated/setup_scr_screen.c
2025-11-06 18:00:16,921 - INFO - Skipping modified file: Gui/generated/setup_scr_screen_file.c
2025-11-06 18:00:16,922 - INFO - Skipping modified file: Gui/generated/setup_scr_screen_paint.c
2025-11-06 18:00:16,922 - INFO - Skipping modified file: Gui/generated/setup_scr_screen_serial.c
2025-11-06 18:00:16,922 - INFO - Skipping modified file: Gui/generated/gui_guider.c
2025-11-06 18:00:16,923 - WARNING - Pattern '/\*\* Enable the Alarm A\s*\n\s*\*/' not found in Core\Src\rtc.c
2025-11-06 18:00:16,923 - INFO - Skipping modified file: Core\Src\main.c
2025-11-06 18:00:16,924 - WARNING - Pattern 'SDQueueID = osMessageQueueNew\(QUEUE_SIZE, 2, NULL\);' not found in FATFS\Target\sd_diskio.c
2025-11-06 18:00:16,924 - WARNING - Pattern 'status = osMessageQueueGet\(SDQueueID, \(void \*\)&event, NULL, SD_TIMEOUT\);' not found in FATFS\Target\sd_diskio.c
2025-11-06 18:00:16,924 - INFO - Processing completed
2025-11-06 18:04:46,363 - INFO - current path: D:\Program\STM32\F429\OS
2025-11-06 18:04:46,364 - INFO - Skipping modified file: Gui/generated/setup_scr_screen.c
2025-11-06 18:04:46,364 - INFO - Skipping modified file: Gui/generated/setup_scr_screen_file.c
2025-11-06 18:04:46,365 - INFO - Skipping modified file: Gui/generated/setup_scr_screen_paint.c
2025-11-06 18:04:46,365 - INFO - Skipping modified file: Gui/generated/setup_scr_screen_serial.c
2025-11-06 18:04:46,365 - INFO - Skipping modified file: Gui/generated/gui_guider.c
2025-11-06 18:04:46,366 - WARNING - Pattern '/\*\* Enable the Alarm A\s*\n\s*\*/' not found in Core\Src\rtc.c
2025-11-06 18:04:46,366 - INFO - Skipping modified file: Core\Src\main.c
2025-11-06 18:04:46,367 - WARNING - Pattern 'SDQueueID = osMessageQueueNew\(QUEUE_SIZE, 2, NULL\);' not found in FATFS\Target\sd_diskio.c
2025-11-06 18:04:46,367 - WARNING - Pattern 'status = osMessageQueueGet\(SDQueueID, \(void \*\)&event, NULL, SD_TIMEOUT\);' not found in FATFS\Target\sd_diskio.c
2025-11-06 18:04:46,367 - INFO - Processing completed
2025-11-06 18:18:58,448 - INFO - current path: D:\Program\STM32\F429\OS
2025-11-06 18:18:58,450 - INFO - Skipping modified file: Gui/generated/setup_scr_screen.c
2025-11-06 18:18:58,450 - INFO - Skipping modified file: Gui/generated/setup_scr_screen_file.c
2025-11-06 18:18:58,451 - INFO - Skipping modified file: Gui/generated/setup_scr_screen_paint.c
2025-11-06 18:18:58,451 - INFO - Skipping modified file: Gui/generated/setup_scr_screen_serial.c
2025-11-06 18:18:58,451 - INFO - Skipping modified file: Gui/generated/gui_guider.c
2025-11-06 18:18:58,452 - WARNING - Pattern '/\*\* Enable the Alarm A\s*\n\s*\*/' not found in Core\Src\rtc.c
2025-11-06 18:18:58,452 - INFO - Skipping modified file: Core\Src\main.c
2025-11-06 18:18:58,453 - WARNING - Pattern 'SDQueueID = osMessageQueueNew\(QUEUE_SIZE, 2, NULL\);' not found in FATFS\Target\sd_diskio.c
2025-11-06 18:18:58,453 - WARNING - Pattern 'status = osMessageQueueGet\(SDQueueID, \(void \*\)&event, NULL, SD_TIMEOUT\);' not found in FATFS\Target\sd_diskio.c
2025-11-06 18:18:58,453 - INFO - Processing completed
2025-11-06 18:22:42,963 - INFO - current path: D:\Program\STM32\F429\OS
2025-11-06 18:22:42,964 - INFO - Skipping modified file: Gui/generated/setup_scr_screen.c
2025-11-06 18:22:42,965 - INFO - Skipping modified file: Gui/generated/setup_scr_screen_file.c
2025-11-06 18:22:42,965 - INFO - Skipping modified file: Gui/generated/setup_scr_screen_paint.c
2025-11-06 18:22:42,965 - INFO - Skipping modified file: Gui/generated/setup_scr_screen_serial.c
2025-11-06 18:22:42,966 - INFO - Skipping modified file: Gui/generated/gui_guider.c
2025-11-06 18:22:42,966 - WARNING - Pattern '/\*\* Enable the Alarm A\s*\n\s*\*/' not found in Core\Src\rtc.c
2025-11-06 18:22:42,966 - INFO - Skipping modified file: Core\Src\main.c
2025-11-06 18:22:42,967 - WARNING - Pattern 'SDQueueID = osMessageQueueNew\(QUEUE_SIZE, 2, NULL\);' not found in FATFS\Target\sd_diskio.c
2025-11-06 18:22:42,967 - WARNING - Pattern 'status = osMessageQueueGet\(SDQueueID, \(void \*\)&event, NULL, SD_TIMEOUT\);' not found in FATFS\Target\sd_diskio.c
2025-11-06 18:22:42,967 - INFO - Processing completed
2025-11-06 18:24:43,687 - INFO - current path: D:\Program\STM32\F429\OS
2025-11-06 18:24:43,689 - INFO - Skipping modified file: Gui/generated/setup_scr_screen.c
2025-11-06 18:24:43,689 - INFO - Skipping modified file: Gui/generated/setup_scr_screen_file.c
2025-11-06 18:24:43,689 - INFO - Skipping modified file: Gui/generated/setup_scr_screen_paint.c
2025-11-06 18:24:43,690 - INFO - Skipping modified file: Gui/generated/setup_scr_screen_serial.c
2025-11-06 18:24:43,690 - INFO - Skipping modified file: Gui/generated/gui_guider.c
2025-11-06 18:24:43,690 - WARNING - Pattern '/\*\* Enable the Alarm A\s*\n\s*\*/' not found in Core\Src\rtc.c
2025-11-06 18:24:43,691 - INFO - Skipping modified file: Core\Src\main.c
2025-11-06 18:24:43,691 - WARNING - Pattern 'SDQueueID = osMessageQueueNew\(QUEUE_SIZE, 2, NULL\);' not found in FATFS\Target\sd_diskio.c
2025-11-06 18:24:43,692 - WARNING - Pattern 'status = osMessageQueueGet\(SDQueueID, \(void \*\)&event, NULL, SD_TIMEOUT\);' not found in FATFS\Target\sd_diskio.c
2025-11-06 18:24:43,692 - INFO - Processing completed
2025-11-06 18:25:52,541 - INFO - current path: D:\Program\STM32\F429\OS
2025-11-06 18:25:52,542 - INFO - Skipping modified file: Gui/generated/setup_scr_screen.c
2025-11-06 18:25:52,542 - INFO - Skipping modified file: Gui/generated/setup_scr_screen_file.c
2025-11-06 18:25:52,543 - INFO - Skipping modified file: Gui/generated/setup_scr_screen_paint.c
2025-11-06 18:25:52,543 - INFO - Skipping modified file: Gui/generated/setup_scr_screen_serial.c
2025-11-06 18:25:52,543 - INFO - Skipping modified file: Gui/generated/gui_guider.c
2025-11-06 18:25:52,544 - WARNING - Pattern '/\*\* Enable the Alarm A\s*\n\s*\*/' not found in Core\Src\rtc.c
2025-11-06 18:25:52,544 - INFO - Skipping modified file: Core\Src\main.c
2025-11-06 18:25:52,545 - WARNING - Pattern 'SDQueueID = osMessageQueueNew\(QUEUE_SIZE, 2, NULL\);' not found in FATFS\Target\sd_diskio.c
2025-11-06 18:25:52,545 - WARNING - Pattern 'status = osMessageQueueGet\(SDQueueID, \(void \*\)&event, NULL, SD_TIMEOUT\);' not found in FATFS\Target\sd_diskio.c
2025-11-06 18:25:52,545 - INFO - Processing completed
2025-11-06 18:26:21,561 - INFO - current path: D:\Program\STM32\F429\OS
2025-11-06 18:26:21,562 - INFO - Skipping modified file: Gui/generated/setup_scr_screen.c
2025-11-06 18:26:21,563 - INFO - Skipping modified file: Gui/generated/setup_scr_screen_file.c
2025-11-06 18:26:21,563 - INFO - Skipping modified file: Gui/generated/setup_scr_screen_paint.c
2025-11-06 18:26:21,563 - INFO - Skipping modified file: Gui/generated/setup_scr_screen_serial.c
2025-11-06 18:26:21,563 - INFO - Skipping modified file: Gui/generated/gui_guider.c
2025-11-06 18:26:21,564 - WARNING - Pattern '/\*\* Enable the Alarm A\s*\n\s*\*/' not found in Core\Src\rtc.c
2025-11-06 18:26:21,565 - INFO - Skipping modified file: Core\Src\main.c
2025-11-06 18:26:21,565 - WARNING - Pattern 'SDQueueID = osMessageQueueNew\(QUEUE_SIZE, 2, NULL\);' not found in FATFS\Target\sd_diskio.c
2025-11-06 18:26:21,566 - WARNING - Pattern 'status = osMessageQueueGet\(SDQueueID, \(void \*\)&event, NULL, SD_TIMEOUT\);' not found in FATFS\Target\sd_diskio.c
2025-11-06 18:26:21,566 - INFO - Processing completed
2025-11-06 18:27:04,141 - INFO - current path: D:\Program\STM32\F429\OS
2025-11-06 18:27:04,142 - INFO - Skipping modified file: Gui/generated/setup_scr_screen.c
2025-11-06 18:27:04,142 - INFO - Skipping modified file: Gui/generated/setup_scr_screen_file.c
2025-11-06 18:27:04,142 - INFO - Skipping modified file: Gui/generated/setup_scr_screen_paint.c
2025-11-06 18:27:04,143 - INFO - Skipping modified file: Gui/generated/setup_scr_screen_serial.c
2025-11-06 18:27:04,143 - INFO - Skipping modified file: Gui/generated/gui_guider.c
2025-11-06 18:27:04,144 - WARNING - Pattern '/\*\* Enable the Alarm A\s*\n\s*\*/' not found in Core\Src\rtc.c
2025-11-06 18:27:04,144 - INFO - Skipping modified file: Core\Src\main.c
2025-11-06 18:27:04,145 - WARNING - Pattern 'SDQueueID = osMessageQueueNew\(QUEUE_SIZE, 2, NULL\);' not found in FATFS\Target\sd_diskio.c
2025-11-06 18:27:04,145 - WARNING - Pattern 'status = osMessageQueueGet\(SDQueueID, \(void \*\)&event, NULL, SD_TIMEOUT\);' not found in FATFS\Target\sd_diskio.c
2025-11-06 18:27:04,145 - INFO - Processing completed
2025-11-07 10:13:37,593 - INFO - current path: D:\Program\STM32\F429\OS
2025-11-07 10:13:37,595 - INFO - Skipping modified file: Gui/generated/setup_scr_screen.c
2025-11-07 10:13:37,595 - INFO - Skipping modified file: Gui/generated/setup_scr_screen_file.c
2025-11-07 10:13:37,595 - INFO - Skipping modified file: Gui/generated/setup_scr_screen_paint.c
2025-11-07 10:13:37,596 - INFO - Skipping modified file: Gui/generated/setup_scr_screen_serial.c
2025-11-07 10:13:37,596 - INFO - Skipping modified file: Gui/generated/gui_guider.c
2025-11-07 10:13:37,596 - WARNING - Pattern '/\*\* Enable the Alarm A\s*\n\s*\*/' not found in Core\Src\rtc.c
2025-11-07 10:13:37,597 - INFO - Skipping modified file: Core\Src\main.c
2025-11-07 10:13:37,598 - WARNING - Pattern 'SDQueueID = osMessageQueueNew\(QUEUE_SIZE, 2, NULL\);' not found in FATFS\Target\sd_diskio.c
2025-11-07 10:13:37,598 - WARNING - Pattern 'status = osMessageQueueGet\(SDQueueID, \(void \*\)&event, NULL, SD_TIMEOUT\);' not found in FATFS\Target\sd_diskio.c
2025-11-07 10:13:37,599 - INFO - Processing completed
2025-11-07 10:16:58,375 - INFO - current path: D:\Program\STM32\F429\OS
2025-11-07 10:16:58,376 - INFO - Skipping modified file: Gui/generated/setup_scr_screen.c
2025-11-07 10:16:58,377 - INFO - Skipping modified file: Gui/generated/setup_scr_screen_file.c
2025-11-07 10:16:58,377 - INFO - Skipping modified file: Gui/generated/setup_scr_screen_paint.c
2025-11-07 10:16:58,377 - INFO - Skipping modified file: Gui/generated/setup_scr_screen_serial.c
2025-11-07 10:16:58,378 - INFO - Skipping modified file: Gui/generated/gui_guider.c
2025-11-07 10:16:58,378 - WARNING - Pattern '/\*\* Enable the Alarm A\s*\n\s*\*/' not found in Core\Src\rtc.c
2025-11-07 10:16:58,378 - INFO - Skipping modified file: Core\Src\main.c
2025-11-07 10:16:58,379 - WARNING - Pattern 'SDQueueID = osMessageQueueNew\(QUEUE_SIZE, 2, NULL\);' not found in FATFS\Target\sd_diskio.c
2025-11-07 10:16:58,379 - WARNING - Pattern 'status = osMessageQueueGet\(SDQueueID, \(void \*\)&event, NULL, SD_TIMEOUT\);' not found in FATFS\Target\sd_diskio.c
2025-11-07 10:16:58,379 - INFO - Processing completed
2025-11-07 10:21:10,988 - INFO - current path: D:\Program\STM32\F429\OS
2025-11-07 10:21:10,989 - INFO - Skipping modified file: Gui/generated/setup_scr_screen.c
2025-11-07 10:21:10,989 - INFO - Skipping modified file: Gui/generated/setup_scr_screen_file.c
2025-11-07 10:21:10,990 - INFO - Skipping modified file: Gui/generated/setup_scr_screen_paint.c
2025-11-07 10:21:10,990 - INFO - Skipping modified file: Gui/generated/setup_scr_screen_serial.c
2025-11-07 10:21:10,990 - INFO - Skipping modified file: Gui/generated/gui_guider.c
2025-11-07 10:21:10,991 - WARNING - Pattern '/\*\* Enable the Alarm A\s*\n\s*\*/' not found in Core\Src\rtc.c
2025-11-07 10:21:10,991 - INFO - Skipping modified file: Core\Src\main.c
2025-11-07 10:21:10,992 - WARNING - Pattern 'SDQueueID = osMessageQueueNew\(QUEUE_SIZE, 2, NULL\);' not found in FATFS\Target\sd_diskio.c
2025-11-07 10:21:10,992 - WARNING - Pattern 'status = osMessageQueueGet\(SDQueueID, \(void \*\)&event, NULL, SD_TIMEOUT\);' not found in FATFS\Target\sd_diskio.c
2025-11-07 10:21:10,992 - INFO - Processing completed
